#
# A fatal error has been detected by the Java Runtime Environment:
#
#  EXCEPTION_UNCAUGHT_CXX_EXCEPTION (0xe06d7363) at pc=0x00007ffd0a6acd29, pid=17640, tid=17308
#
# JRE version: OpenJDK Runtime Environment Temurin-17.0.6+10 (17.0.6+10) (build 17.0.6+10)
# Java VM: OpenJDK 64-Bit Server VM Temurin-17.0.6+10 (17.0.6+10, mixed mode, tiered, compressed oops, compressed class ptrs, g1 gc, windows-amd64)
# Problematic frame:
# C  [KERNELBASE.dll+0x2cd29]
#
# No core dump will be written. Minidumps are not enabled by default on client versions of Windows
#
# If you would like to submit a bug report, please visit:
#   https://github.com/adoptium/adoptium-support/issues
#

---------------  S U M M A R Y ------------

Command Line: -Dfile.encoding=UTF-8 -XX:+ShowCodeDetailsInExceptionMessages Main

Host: Intel(R) Core(TM) i5-10400F CPU @ 2.90GHz, 12 cores, 15G,  Windows 10 , 64 bit Build 19041 (10.0.19041.2546)
Time: Tue Feb 21 18:22:31 2023 Hora oficial do Brasil elapsed time: 0.614286 seconds (0d 0h 0m 0s)

---------------  T H R E A D  ---------------

Current thread (0x000002b96b9b0f60):  JavaThread "AWT-EventQueue-0" [_thread_in_vm, id=17308, stack(0x000000ed6d600000,0x000000ed6d700000)]

Stack: [0x000000ed6d600000,0x000000ed6d700000],  sp=0x000000ed6d6fc320,  free space=1008k
Native frames: (J=compiled Java code, j=interpreted, Vv=VM code, C=native code)
C  [KERNELBASE.dll+0x2cd29]
C  [VCRUNTIME140.dll+0x6220]
C  [jimage.dll+0x32a7]
C  [jimage.dll+0x2a15]
C  [jimage.dll+0x145b]
C  [jimage.dll+0x1e97]
C  [jimage.dll+0x1f2e]
C  [jimage.dll+0x2666]
V  [jvm.dll+0x1f238d]
V  [jvm.dll+0x1f0fb2]
V  [jvm.dll+0x7aea1b]
V  [jvm.dll+0x7afdc2]
V  [jvm.dll+0x7b00f8]
V  [jvm.dll+0x23dbbe]
V  [jvm.dll+0x23de0f]
V  [jvm.dll+0x559d08]
V  [jvm.dll+0x55cbb7]
V  [jvm.dll+0x382ce4]
V  [jvm.dll+0x38234f]
C  0x000002b95617a503

Java frames: (J=compiled Java code, j=interpreted, Vv=VM code)
j  javax.swing.text.PlainView.getLineWidth(Ljavax/swing/text/Element;)I+54 java.desktop@17.0.6
j  javax.swing.text.PlainView.calculateLongestLine()V+69 java.desktop@17.0.6
j  javax.swing.text.PlainView.updateMetrics()V+50 java.desktop@17.0.6
j  javax.swing.text.PlainView.setSize(FF)V+7 java.desktop@17.0.6
j  javax.swing.plaf.basic.BasicTextUI$RootView.setSize(FF)V+13 java.desktop@17.0.6
j  javax.swing.plaf.basic.BasicTextUI$RootView.paint(Ljava/awt/Graphics;Ljava/awt/Shape;)V+39 java.desktop@17.0.6
j  javax.swing.plaf.basic.BasicTextUI.paintSafely(Ljava/awt/Graphics;)V+65 java.desktop@17.0.6
j  javax.swing.plaf.basic.BasicTextUI.paint(Ljava/awt/Graphics;Ljavax/swing/JComponent;)V+45 java.desktop@17.0.6
j  javax.swing.plaf.basic.BasicTextUI.update(Ljava/awt/Graphics;Ljavax/swing/JComponent;)V+3 java.desktop@17.0.6
j  javax.swing.JComponent.paintComponent(Ljava/awt/Graphics;)V+26 java.desktop@17.0.6
j  javax.swing.JComponent.paint(Ljava/awt/Graphics;)V+286 java.desktop@17.0.6
j  javax.swing.JComponent.paintChildren(Ljava/awt/Graphics;)V+523 java.desktop@17.0.6
j  javax.swing.JComponent.paint(Ljava/awt/Graphics;)V+318 java.desktop@17.0.6
j  javax.swing.JComponent.paintChildren(Ljava/awt/Graphics;)V+523 java.desktop@17.0.6
j  javax.swing.JComponent.paint(Ljava/awt/Graphics;)V+318 java.desktop@17.0.6
j  javax.swing.JComponent.paintChildren(Ljava/awt/Graphics;)V+523 java.desktop@17.0.6
j  javax.swing.JComponent.paint(Ljava/awt/Graphics;)V+318 java.desktop@17.0.6
j  javax.swing.JLayeredPane.paint(Ljava/awt/Graphics;)V+73 java.desktop@17.0.6
j  javax.swing.JComponent.paintChildren(Ljava/awt/Graphics;)V+523 java.desktop@17.0.6
j  javax.swing.JComponent.paintToOffscreen(Ljava/awt/Graphics;IIIIII)V+72 java.desktop@17.0.6
j  javax.swing.RepaintManager$PaintManager.paintDoubleBufferedImpl(Ljavax/swing/JComponent;Ljava/awt/Image;Ljava/awt/Graphics;IIII)V+163 java.desktop@17.0.6
j  javax.swing.RepaintManager$PaintManager.paintDoubleBuffered(Ljavax/swing/JComponent;Ljava/awt/Image;Ljava/awt/Graphics;IIII)V+46 java.desktop@17.0.6
j  javax.swing.RepaintManager$PaintManager.paint(Ljavax/swing/JComponent;Ljavax/swing/JComponent;Ljava/awt/Graphics;IIII)Z+128 java.desktop@17.0.6
j  javax.swing.RepaintManager.paint(Ljavax/swing/JComponent;Ljavax/swing/JComponent;Ljava/awt/Graphics;IIII)V+52 java.desktop@17.0.6
j  javax.swing.JComponent.paint(Ljava/awt/Graphics;)V+221 java.desktop@17.0.6
j  java.awt.GraphicsCallback$PaintCallback.run(Ljava/awt/Component;Ljava/awt/Graphics;)V+2 java.desktop@17.0.6
j  sun.awt.SunGraphicsCallback.runOneComponent(Ljava/awt/Component;Ljava/awt/Rectangle;Ljava/awt/Graphics;Ljava/awt/Shape;I)V+130 java.desktop@17.0.6
j  sun.awt.SunGraphicsCallback.runComponents([Ljava/awt/Component;Ljava/awt/Graphics;I)V+157 java.desktop@17.0.6
j  java.awt.Container.paint(Ljava/awt/Graphics;)V+58 java.desktop@17.0.6
j  java.awt.Window.paint(Ljava/awt/Graphics;)V+68 java.desktop@17.0.6
j  javax.swing.RepaintManager$4.run()Ljava/lang/Void;+142 java.desktop@17.0.6
j  javax.swing.RepaintManager$4.run()Ljava/lang/Object;+1 java.desktop@17.0.6
j  java.security.AccessController.executePrivileged(Ljava/security/PrivilegedAction;Ljava/security/AccessControlContext;Ljava/lang/Class;)Ljava/lang/Object;+29 java.base@17.0.6
j  java.security.AccessController.doPrivileged(Ljava/security/PrivilegedAction;Ljava/security/AccessControlContext;)Ljava/lang/Object;+13 java.base@17.0.6
j  java.security.ProtectionDomain$JavaSecurityAccessImpl.doIntersectionPrivilege(Ljava/security/PrivilegedAction;Ljava/security/AccessControlContext;Ljava/security/AccessControlContext;)Ljava/lang/Object;+18 java.base@17.0.6
j  javax.swing.RepaintManager.paintDirtyRegions(Ljava/util/Map;)V+154 java.desktop@17.0.6
j  javax.swing.RepaintManager.paintDirtyRegions()V+46 java.desktop@17.0.6
j  javax.swing.RepaintManager.prePaintDirtyRegions()V+73 java.desktop@17.0.6
j  javax.swing.RepaintManager$ProcessingRunnable.run()V+37 java.desktop@17.0.6
j  java.awt.event.InvocationEvent.dispatch()V+47 java.desktop@17.0.6
j  java.awt.EventQueue.dispatchEventImpl(Ljava/awt/AWTEvent;Ljava/lang/Object;)V+21 java.desktop@17.0.6
j  java.awt.EventQueue$4.run()Ljava/lang/Void;+32 java.desktop@17.0.6
j  java.awt.EventQueue$4.run()Ljava/lang/Object;+1 java.desktop@17.0.6
j  java.security.AccessController.executePrivileged(Ljava/security/PrivilegedAction;Ljava/security/AccessControlContext;Ljava/lang/Class;)Ljava/lang/Object;+29 java.base@17.0.6
j  java.security.AccessController.doPrivileged(Ljava/security/PrivilegedAction;Ljava/security/AccessControlContext;)Ljava/lang/Object;+13 java.base@17.0.6
j  java.security.ProtectionDomain$JavaSecurityAccessImpl.doIntersectionPrivilege(Ljava/security/PrivilegedAction;Ljava/security/AccessControlContext;Ljava/security/AccessControlContext;)Ljava/lang/Object;+18 java.base@17.0.6
j  java.awt.EventQueue.dispatchEvent(Ljava/awt/AWTEvent;)V+46 java.desktop@17.0.6
j  java.awt.EventDispatchThread.pumpOneEventForFilters(I)V+78 java.desktop@17.0.6
j  java.awt.EventDispatchThread.pumpEventsForFilter(ILjava/awt/Conditional;Ljava/awt/EventFilter;)V+35 java.desktop@17.0.6
j  java.awt.EventDispatchThread.pumpEventsForHierarchy(ILjava/awt/Conditional;Ljava/awt/Component;)V+11 java.desktop@17.0.6
j  java.awt.EventDispatchThread.pumpEvents(ILjava/awt/Conditional;)V+4 java.desktop@17.0.6
j  java.awt.EventDispatchThread.pumpEvents(Ljava/awt/Conditional;)V+3 java.desktop@17.0.6
j  java.awt.EventDispatchThread.run()V+9 java.desktop@17.0.6
v  ~StubRoutines::call_stub

siginfo: EXCEPTION_UNCAUGHT_CXX_EXCEPTION (0xe06d7363), ExceptionInformation=0x0000000019930520 0x000000ed6d6fc480 0x00007ffcf9a35138 0x00007ffcf9a30000 


Register to memory mapping:

RIP=0x00007ffd0a6acd29 KERNELBASE.dll
RAX=0x0 is NULL
RBX=0x00007ffcf9a35138 jimage.dll
RCX=0x0 is NULL
RDX=0x0 is NULL
RSP=0x000000ed6d6fc320 is pointing into the stack for thread: 0x000002b96b9b0f60
RBP=0x000000ed6d6fc5b0 is pointing into the stack for thread: 0x000002b96b9b0f60
RSI=0x000000ed6d6fc480 is pointing into the stack for thread: 0x000002b96b9b0f60
RDI=0x0000000019930520 is an unknown value
R8 =0x0 is NULL
R9 =0x0 is NULL
R10=0x0 is NULL
R11=0x0 is NULL
R12=0x000000000000598a is an unknown value
R13=0x000002b96b22e3e0 points into unknown readable memory: 0x77732f786176616a | 6a 61 76 61 78 2f 73 77
R14=0x000002b96b328650 points into unknown readable memory: 0x0000000000000000 | 00 00 00 00 00 00 00 00
R15=0x000002b96b328650 points into unknown readable memory: 0x0000000000000000 | 00 00 00 00 00 00 00 00


Registers:
RAX=0x0000000000000000, RBX=0x00007ffcf9a35138, RCX=0x0000000000000000, RDX=0x0000000000000000
RSP=0x000000ed6d6fc320, RBP=0x000000ed6d6fc5b0, RSI=0x000000ed6d6fc480, RDI=0x0000000019930520
R8 =0x0000000000000000, R9 =0x0000000000000000, R10=0x0000000000000000, R11=0x0000000000000000
R12=0x000000000000598a, R13=0x000002b96b22e3e0, R14=0x000002b96b328650, R15=0x000002b96b328650
RIP=0x00007ffd0a6acd29, EFLAGS=0x0000000000000206

Top of Stack: (sp=0x000000ed6d6fc320)
0x000000ed6d6fc320:   0000000000000000 00007ffcf9a35138
0x000000ed6d6fc330:   000000ed6d6fc480 000000ed6d6fc390
0x000000ed6d6fc340:   00000001e06d7363 0000000000000000
0x000000ed6d6fc350:   00007ffd0a6acd29 00007ffd00000004
0x000000ed6d6fc360:   0000000019930520 000000ed6d6fc480
0x000000ed6d6fc370:   00007ffcf9a35138 00007ffcf9a30000
0x000000ed6d6fc380:   000002b96b22e3e0 000000000000598a
0x000000ed6d6fc390:   000000ed6d6fc480 000000ed6d6fc5b0
0x000000ed6d6fc3a0:   000000ed6d6fc420 00007ffd0cd04a5f
0x000000ed6d6fc3b0:   0000000019930520 00007ffd00000000
0x000000ed6d6fc3c0:   000000ed6d6fc420 000000ed6d6fc400
0x000000ed6d6fc3d0:   00007ffcf9a37000 00007ffcf9a30000
0x000000ed6d6fc3e0:   00003626a0a2e325 00007ffd0a6d005b
0x000000ed6d6fc3f0:   00007ffcf9a35138 00007ffcf7ea6220
0x000000ed6d6fc400:   0000000000000000 0000000000000024
0x000000ed6d6fc410:   00007ffceb9b0638 000000ed6d6fc460 

Instructions: (pc=0x00007ffd0a6acd29)
0x00007ffd0a6acc29:   07 00 48 8b 84 24 b8 00 00 00 48 8b 8c 24 b0 05
0x00007ffd0a6acc39:   00 00 48 33 cc e8 7d 0b 06 00 48 81 c4 c0 05 00
0x00007ffd0a6acc49:   00 41 5f 41 5e 41 5d 5e 5b c3 cc 48 ff 15 55 9b
0x00007ffd0a6acc59:   19 00 0f 1f 44 00 00 eb b0 cc cc cc cc cc cc cc
0x00007ffd0a6acc69:   cc cc cc cc cc cc cc 40 53 48 83 ec 30 48 8b d1
0x00007ffd0a6acc79:   48 8d 4c 24 20 e8 5d 23 00 00 85 c0 74 26 48 8b
0x00007ffd0a6acc89:   4c 24 28 e8 ef 38 00 00 48 8d 4c 24 20 8b d8 48
0x00007ffd0a6acc99:   ff 15 61 95 19 00 0f 1f 44 00 00 8b c3 48 83 c4
0x00007ffd0a6acca9:   30 5b c3 cc 83 c8 ff eb f4 cc cc cc cc cc cc cc
0x00007ffd0a6accb9:   cc cc cc cc cc cc cc 48 81 ec d8 00 00 00 48 8b
0x00007ffd0a6accc9:   05 a2 71 26 00 48 33 c4 48 89 84 24 c0 00 00 00
0x00007ffd0a6accd9:   48 83 64 24 28 00 48 8d 05 da ff ff ff 83 e2 01
0x00007ffd0a6acce9:   89 4c 24 20 89 54 24 24 48 89 44 24 30 4d 85 c9
0x00007ffd0a6accf9:   74 4c b8 0f 00 00 00 48 8d 4c 24 40 44 3b c0 49
0x00007ffd0a6acd09:   8b d1 44 0f 47 c0 44 89 44 24 38 49 c1 e0 03 e8
0x00007ffd0a6acd19:   fa bc 06 00 48 8d 4c 24 20 48 ff 15 a7 9c 19 00
0x00007ffd0a6acd29:   0f 1f 44 00 00 48 8b 8c 24 c0 00 00 00 48 33 cc
0x00007ffd0a6acd39:   e8 82 0a 06 00 48 81 c4 d8 00 00 00 c3 cc 83 64
0x00007ffd0a6acd49:   24 38 00 eb cf cc cc cc cc cc cc cc cc cc cc cc
0x00007ffd0a6acd59:   cc cc cc cc cc cc cc 65 48 8b 04 25 30 00 00 00
0x00007ffd0a6acd69:   8b 40 68 c3 cc cc cc cc cc cc cc cc cc cc cc cc
0x00007ffd0a6acd79:   cc cc cc cc cc cc cc 48 89 5c 24 10 48 89 74 24
0x00007ffd0a6acd89:   18 57 41 54 41 55 41 56 41 57 48 81 ec b0 02 00
0x00007ffd0a6acd99:   00 48 8b 05 cf 70 26 00 48 33 c4 48 89 84 24 a0
0x00007ffd0a6acda9:   02 00 00 48 8d 15 3f fc 19 00 48 85 c9 48 0f 45
0x00007ffd0a6acdb9:   d1 48 89 94 24 80 00 00 00 48 83 c8 ff 48 ff c0
0x00007ffd0a6acdc9:   80 3c 02 00 75 f7 48 ff c0 48 89 84 24 88 00 00
0x00007ffd0a6acdd9:   00 48 89 94 24 90 00 00 00 4c 8d 8c 24 88 00 00
0x00007ffd0a6acde9:   00 33 d2 b9 06 00 01 40 44 8d 42 02 e8 c6 fe ff
0x00007ffd0a6acdf9:   ff e9 f0 01 00 00 33 f6 48 89 74 24 60 45 33 ff
0x00007ffd0a6ace09:   4c 89 7c 24 48 45 33 f6 4c 89 74 24 58 33 ff 48
0x00007ffd0a6ace19:   89 7c 24 50 e8 3e ff ff ff 89 44 24 40 48 39 35 


Stack slot to memory mapping:
stack at sp + 0 slots: 0x0 is NULL
stack at sp + 1 slots: 0x00007ffcf9a35138 jimage.dll
stack at sp + 2 slots: 0x000000ed6d6fc480 is pointing into the stack for thread: 0x000002b96b9b0f60
stack at sp + 3 slots: 0x000000ed6d6fc390 is pointing into the stack for thread: 0x000002b96b9b0f60
stack at sp + 4 slots: 0x00000001e06d7363 is an unknown value
stack at sp + 5 slots: 0x0 is NULL
stack at sp + 6 slots: 0x00007ffd0a6acd29 KERNELBASE.dll
stack at sp + 7 slots: 0x00007ffd00000004 is an unknown value


---------------  P R O C E S S  ---------------

Threads class SMR info:
_java_thread_list=0x000002b96b9db9e0, length=17, elements={
0x000002b96b064020, 0x000002b96b064ca0, 0x000002b96a5caf50, 0x000002b96a5ce440,
0x000002b96b088000, 0x000002b96b0888c0, 0x000002b96b08c9b0, 0x000002b96b08d2b0,
0x000002b96b08dfa0, 0x000002b96b1fe4c0, 0x000002b96b216020, 0x000002b96b68a2e0,
0x000002b96b690f40, 0x000002b96b691410, 0x000002b96b9b0f60, 0x000002b94b56bbc0,
0x000002b96b9dbd70
}

Java Threads: ( => current thread )
  0x000002b96b064020 JavaThread "Reference Handler" daemon [_thread_blocked, id=16576, stack(0x000000ed6bd00000,0x000000ed6be00000)]
  0x000002b96b064ca0 JavaThread "Finalizer" daemon [_thread_blocked, id=11072, stack(0x000000ed6be00000,0x000000ed6bf00000)]
  0x000002b96a5caf50 JavaThread "Signal Dispatcher" daemon [_thread_blocked, id=11220, stack(0x000000ed6bf00000,0x000000ed6c000000)]
  0x000002b96a5ce440 JavaThread "Attach Listener" daemon [_thread_blocked, id=15776, stack(0x000000ed6c000000,0x000000ed6c100000)]
  0x000002b96b088000 JavaThread "Service Thread" daemon [_thread_blocked, id=16756, stack(0x000000ed6c100000,0x000000ed6c200000)]
  0x000002b96b0888c0 JavaThread "Monitor Deflation Thread" daemon [_thread_blocked, id=17352, stack(0x000000ed6c200000,0x000000ed6c300000)]
  0x000002b96b08c9b0 JavaThread "C2 CompilerThread0" daemon [_thread_blocked, id=16812, stack(0x000000ed6c300000,0x000000ed6c400000)]
  0x000002b96b08d2b0 JavaThread "C1 CompilerThread0" daemon [_thread_blocked, id=14496, stack(0x000000ed6c400000,0x000000ed6c500000)]
  0x000002b96b08dfa0 JavaThread "Sweeper thread" daemon [_thread_blocked, id=2940, stack(0x000000ed6c500000,0x000000ed6c600000)]
  0x000002b96b1fe4c0 JavaThread "Notification Thread" daemon [_thread_blocked, id=7476, stack(0x000000ed6c600000,0x000000ed6c700000)]
  0x000002b96b216020 JavaThread "Common-Cleaner" daemon [_thread_blocked, id=16720, stack(0x000000ed6c800000,0x000000ed6c900000)]
  0x000002b96b68a2e0 JavaThread "Java2D Disposer" daemon [_thread_blocked, id=11224, stack(0x000000ed6c900000,0x000000ed6ca00000)]
  0x000002b96b690f40 JavaThread "AWT-Shutdown" [_thread_blocked, id=17604, stack(0x000000ed6ca00000,0x000000ed6cb00000)]
  0x000002b96b691410 JavaThread "AWT-Windows" daemon [_thread_in_native, id=16500, stack(0x000000ed6cb00000,0x000000ed6cc00000)]
=>0x000002b96b9b0f60 JavaThread "AWT-EventQueue-0" [_thread_in_vm, id=17308, stack(0x000000ed6d600000,0x000000ed6d700000)]
  0x000002b94b56bbc0 JavaThread "DestroyJavaVM" [_thread_blocked, id=14172, stack(0x000000ed6b600000,0x000000ed6b700000)]
  0x000002b96b9dbd70 JavaThread "D3D Screen Updater" daemon [_thread_blocked, id=14912, stack(0x000000ed6d800000,0x000000ed6d900000)]

Other Threads:
  0x000002b96a5ab7b0 VMThread "VM Thread" [stack: 0x000000ed6bc00000,0x000000ed6bd00000] [id=14488]
  0x000002b96b1fe990 WatcherThread [stack: 0x000000ed6c700000,0x000000ed6c800000] [id=17664]
  0x000002b94b5d75d0 GCTaskThread "GC Thread#0" [stack: 0x000000ed6b700000,0x000000ed6b800000] [id=16432]
  0x000002b94b5e8ac0 ConcurrentGCThread "G1 Main Marker" [stack: 0x000000ed6b800000,0x000000ed6b900000] [id=14684]
  0x000002b94b5ea3f0 ConcurrentGCThread "G1 Conc#0" [stack: 0x000000ed6b900000,0x000000ed6ba00000] [id=5080]
  0x000002b94b63d480 ConcurrentGCThread "G1 Refine#0" [stack: 0x000000ed6ba00000,0x000000ed6bb00000] [id=16176]
  0x000002b94b63ddb0 ConcurrentGCThread "G1 Service" [stack: 0x000000ed6bb00000,0x000000ed6bc00000] [id=18236]

Threads with active compile tasks:

VM state: not at safepoint (normal execution)

VM Mutex/Monitor currently owned by a thread: None

Heap address: 0x0000000701000000, size: 4080 MB, Compressed Oops mode: Zero based, Oop shift amount: 3

CDS archive(s) not mapped
Compressed class space mapped at: 0x0000000800000000-0x0000000840000000, reserved size: 1073741824
Narrow klass base: 0x0000000800000000, Narrow klass shift: 0, Narrow klass range: 0x40000000

GC Precious Log:
 CPUs: 12 total, 12 available
 Memory: 16319M
 Large Page Support: Disabled
 NUMA Support: Disabled
 Compressed Oops: Enabled (Zero based)
 Heap Region Size: 2M
 Heap Min Capacity: 8M
 Heap Initial Capacity: 256M
 Heap Max Capacity: 4080M
 Pre-touch: Disabled
 Parallel Workers: 10
 Concurrent Workers: 3
 Concurrent Refinement Workers: 10
 Periodic GC: Disabled

Heap:
 garbage-first heap   total 262144K, used 10240K [0x0000000701000000, 0x0000000800000000)
  region size 2048K, 4 young (8192K), 0 survivors (0K)
 Metaspace       used 13915K, committed 14080K, reserved 1064960K
  class space    used 1429K, committed 1536K, reserved 1048576K

Heap Regions: E=young(eden), S=young(survivor), O=old, HS=humongous(starts), HC=humongous(continues), CS=collection set, F=free, OA=open archive, CA=closed archive, TAMS=top-at-mark-start (previous, next)
|   0|0x0000000701000000, 0x0000000701200000, 0x0000000701200000|100%|HS|  |TAMS 0x0000000701000000, 0x0000000701000000| Complete 
|   1|0x0000000701200000, 0x0000000701400000, 0x0000000701400000|100%|HC|  |TAMS 0x0000000701200000, 0x0000000701200000| Complete 
|   2|0x0000000701400000, 0x0000000701400000, 0x0000000701600000|  0%| F|  |TAMS 0x0000000701400000, 0x0000000701400000| Untracked 
|   3|0x0000000701600000, 0x0000000701600000, 0x0000000701800000|  0%| F|  |TAMS 0x0000000701600000, 0x0000000701600000| Untracked 
|   4|0x0000000701800000, 0x0000000701800000, 0x0000000701a00000|  0%| F|  |TAMS 0x0000000701800000, 0x0000000701800000| Untracked 
|   5|0x0000000701a00000, 0x0000000701a00000, 0x0000000701c00000|  0%| F|  |TAMS 0x0000000701a00000, 0x0000000701a00000| Untracked 
|   6|0x0000000701c00000, 0x0000000701c00000, 0x0000000701e00000|  0%| F|  |TAMS 0x0000000701c00000, 0x0000000701c00000| Untracked 
|   7|0x0000000701e00000, 0x0000000701e00000, 0x0000000702000000|  0%| F|  |TAMS 0x0000000701e00000, 0x0000000701e00000| Untracked 
|   8|0x0000000702000000, 0x0000000702000000, 0x0000000702200000|  0%| F|  |TAMS 0x0000000702000000, 0x0000000702000000| Untracked 
|   9|0x0000000702200000, 0x0000000702200000, 0x0000000702400000|  0%| F|  |TAMS 0x0000000702200000, 0x0000000702200000| Untracked 
|  10|0x0000000702400000, 0x0000000702400000, 0x0000000702600000|  0%| F|  |TAMS 0x0000000702400000, 0x0000000702400000| Untracked 
|  11|0x0000000702600000, 0x0000000702600000, 0x0000000702800000|  0%| F|  |TAMS 0x0000000702600000, 0x0000000702600000| Untracked 
|  12|0x0000000702800000, 0x0000000702800000, 0x0000000702a00000|  0%| F|  |TAMS 0x0000000702800000, 0x0000000702800000| Untracked 
|  13|0x0000000702a00000, 0x0000000702a00000, 0x0000000702c00000|  0%| F|  |TAMS 0x0000000702a00000, 0x0000000702a00000| Untracked 
|  14|0x0000000702c00000, 0x0000000702c00000, 0x0000000702e00000|  0%| F|  |TAMS 0x0000000702c00000, 0x0000000702c00000| Untracked 
|  15|0x0000000702e00000, 0x0000000702e00000, 0x0000000703000000|  0%| F|  |TAMS 0x0000000702e00000, 0x0000000702e00000| Untracked 
|  16|0x0000000703000000, 0x0000000703000000, 0x0000000703200000|  0%| F|  |TAMS 0x0000000703000000, 0x0000000703000000| Untracked 
|  17|0x0000000703200000, 0x0000000703200000, 0x0000000703400000|  0%| F|  |TAMS 0x0000000703200000, 0x0000000703200000| Untracked 
|  18|0x0000000703400000, 0x0000000703400000, 0x0000000703600000|  0%| F|  |TAMS 0x0000000703400000, 0x0000000703400000| Untracked 
|  19|0x0000000703600000, 0x0000000703600000, 0x0000000703800000|  0%| F|  |TAMS 0x0000000703600000, 0x0000000703600000| Untracked 
|  20|0x0000000703800000, 0x0000000703800000, 0x0000000703a00000|  0%| F|  |TAMS 0x0000000703800000, 0x0000000703800000| Untracked 
|  21|0x0000000703a00000, 0x0000000703a00000, 0x0000000703c00000|  0%| F|  |TAMS 0x0000000703a00000, 0x0000000703a00000| Untracked 
|  22|0x0000000703c00000, 0x0000000703c00000, 0x0000000703e00000|  0%| F|  |TAMS 0x0000000703c00000, 0x0000000703c00000| Untracked 
|  23|0x0000000703e00000, 0x0000000703e00000, 0x0000000704000000|  0%| F|  |TAMS 0x0000000703e00000, 0x0000000703e00000| Untracked 
|  24|0x0000000704000000, 0x0000000704000000, 0x0000000704200000|  0%| F|  |TAMS 0x0000000704000000, 0x0000000704000000| Untracked 
|  25|0x0000000704200000, 0x0000000704200000, 0x0000000704400000|  0%| F|  |TAMS 0x0000000704200000, 0x0000000704200000| Untracked 
|  26|0x0000000704400000, 0x0000000704400000, 0x0000000704600000|  0%| F|  |TAMS 0x0000000704400000, 0x0000000704400000| Untracked 
|  27|0x0000000704600000, 0x0000000704600000, 0x0000000704800000|  0%| F|  |TAMS 0x0000000704600000, 0x0000000704600000| Untracked 
|  28|0x0000000704800000, 0x0000000704800000, 0x0000000704a00000|  0%| F|  |TAMS 0x0000000704800000, 0x0000000704800000| Untracked 
|  29|0x0000000704a00000, 0x0000000704a00000, 0x0000000704c00000|  0%| F|  |TAMS 0x0000000704a00000, 0x0000000704a00000| Untracked 
|  30|0x0000000704c00000, 0x0000000704c00000, 0x0000000704e00000|  0%| F|  |TAMS 0x0000000704c00000, 0x0000000704c00000| Untracked 
|  31|0x0000000704e00000, 0x0000000704e00000, 0x0000000705000000|  0%| F|  |TAMS 0x0000000704e00000, 0x0000000704e00000| Untracked 
|  32|0x0000000705000000, 0x0000000705000000, 0x0000000705200000|  0%| F|  |TAMS 0x0000000705000000, 0x0000000705000000| Untracked 
|  33|0x0000000705200000, 0x0000000705200000, 0x0000000705400000|  0%| F|  |TAMS 0x0000000705200000, 0x0000000705200000| Untracked 
|  34|0x0000000705400000, 0x0000000705400000, 0x0000000705600000|  0%| F|  |TAMS 0x0000000705400000, 0x0000000705400000| Untracked 
|  35|0x0000000705600000, 0x0000000705600000, 0x0000000705800000|  0%| F|  |TAMS 0x0000000705600000, 0x0000000705600000| Untracked 
|  36|0x0000000705800000, 0x0000000705800000, 0x0000000705a00000|  0%| F|  |TAMS 0x0000000705800000, 0x0000000705800000| Untracked 
|  37|0x0000000705a00000, 0x0000000705a00000, 0x0000000705c00000|  0%| F|  |TAMS 0x0000000705a00000, 0x0000000705a00000| Untracked 
|  38|0x0000000705c00000, 0x0000000705c00000, 0x0000000705e00000|  0%| F|  |TAMS 0x0000000705c00000, 0x0000000705c00000| Untracked 
|  39|0x0000000705e00000, 0x0000000705e00000, 0x0000000706000000|  0%| F|  |TAMS 0x0000000705e00000, 0x0000000705e00000| Untracked 
|  40|0x0000000706000000, 0x0000000706000000, 0x0000000706200000|  0%| F|  |TAMS 0x0000000706000000, 0x0000000706000000| Untracked 
|  41|0x0000000706200000, 0x0000000706200000, 0x0000000706400000|  0%| F|  |TAMS 0x0000000706200000, 0x0000000706200000| Untracked 
|  42|0x0000000706400000, 0x0000000706400000, 0x0000000706600000|  0%| F|  |TAMS 0x0000000706400000, 0x0000000706400000| Untracked 
|  43|0x0000000706600000, 0x0000000706600000, 0x0000000706800000|  0%| F|  |TAMS 0x0000000706600000, 0x0000000706600000| Untracked 
|  44|0x0000000706800000, 0x0000000706800000, 0x0000000706a00000|  0%| F|  |TAMS 0x0000000706800000, 0x0000000706800000| Untracked 
|  45|0x0000000706a00000, 0x0000000706a00000, 0x0000000706c00000|  0%| F|  |TAMS 0x0000000706a00000, 0x0000000706a00000| Untracked 
|  46|0x0000000706c00000, 0x0000000706c00000, 0x0000000706e00000|  0%| F|  |TAMS 0x0000000706c00000, 0x0000000706c00000| Untracked 
|  47|0x0000000706e00000, 0x0000000706e00000, 0x0000000707000000|  0%| F|  |TAMS 0x0000000706e00000, 0x0000000706e00000| Untracked 
|  48|0x0000000707000000, 0x0000000707000000, 0x0000000707200000|  0%| F|  |TAMS 0x0000000707000000, 0x0000000707000000| Untracked 
|  49|0x0000000707200000, 0x0000000707200000, 0x0000000707400000|  0%| F|  |TAMS 0x0000000707200000, 0x0000000707200000| Untracked 
|  50|0x0000000707400000, 0x0000000707400000, 0x0000000707600000|  0%| F|  |TAMS 0x0000000707400000, 0x0000000707400000| Untracked 
|  51|0x0000000707600000, 0x0000000707600000, 0x0000000707800000|  0%| F|  |TAMS 0x0000000707600000, 0x0000000707600000| Untracked 
|  52|0x0000000707800000, 0x0000000707800000, 0x0000000707a00000|  0%| F|  |TAMS 0x0000000707800000, 0x0000000707800000| Untracked 
|  53|0x0000000707a00000, 0x0000000707a00000, 0x0000000707c00000|  0%| F|  |TAMS 0x0000000707a00000, 0x0000000707a00000| Untracked 
|  54|0x0000000707c00000, 0x0000000707c00000, 0x0000000707e00000|  0%| F|  |TAMS 0x0000000707c00000, 0x0000000707c00000| Untracked 
|  55|0x0000000707e00000, 0x0000000707e00000, 0x0000000708000000|  0%| F|  |TAMS 0x0000000707e00000, 0x0000000707e00000| Untracked 
|  56|0x0000000708000000, 0x0000000708000000, 0x0000000708200000|  0%| F|  |TAMS 0x0000000708000000, 0x0000000708000000| Untracked 
|  57|0x0000000708200000, 0x0000000708200000, 0x0000000708400000|  0%| F|  |TAMS 0x0000000708200000, 0x0000000708200000| Untracked 
|  58|0x0000000708400000, 0x0000000708400000, 0x0000000708600000|  0%| F|  |TAMS 0x0000000708400000, 0x0000000708400000| Untracked 
|  59|0x0000000708600000, 0x0000000708600000, 0x0000000708800000|  0%| F|  |TAMS 0x0000000708600000, 0x0000000708600000| Untracked 
|  60|0x0000000708800000, 0x0000000708800000, 0x0000000708a00000|  0%| F|  |TAMS 0x0000000708800000, 0x0000000708800000| Untracked 
|  61|0x0000000708a00000, 0x0000000708a00000, 0x0000000708c00000|  0%| F|  |TAMS 0x0000000708a00000, 0x0000000708a00000| Untracked 
|  62|0x0000000708c00000, 0x0000000708c00000, 0x0000000708e00000|  0%| F|  |TAMS 0x0000000708c00000, 0x0000000708c00000| Untracked 
|  63|0x0000000708e00000, 0x0000000708e00000, 0x0000000709000000|  0%| F|  |TAMS 0x0000000708e00000, 0x0000000708e00000| Untracked 
|  64|0x0000000709000000, 0x0000000709000000, 0x0000000709200000|  0%| F|  |TAMS 0x0000000709000000, 0x0000000709000000| Untracked 
|  65|0x0000000709200000, 0x0000000709200000, 0x0000000709400000|  0%| F|  |TAMS 0x0000000709200000, 0x0000000709200000| Untracked 
|  66|0x0000000709400000, 0x0000000709400000, 0x0000000709600000|  0%| F|  |TAMS 0x0000000709400000, 0x0000000709400000| Untracked 
|  67|0x0000000709600000, 0x0000000709600000, 0x0000000709800000|  0%| F|  |TAMS 0x0000000709600000, 0x0000000709600000| Untracked 
|  68|0x0000000709800000, 0x0000000709800000, 0x0000000709a00000|  0%| F|  |TAMS 0x0000000709800000, 0x0000000709800000| Untracked 
|  69|0x0000000709a00000, 0x0000000709a00000, 0x0000000709c00000|  0%| F|  |TAMS 0x0000000709a00000, 0x0000000709a00000| Untracked 
|  70|0x0000000709c00000, 0x0000000709c00000, 0x0000000709e00000|  0%| F|  |TAMS 0x0000000709c00000, 0x0000000709c00000| Untracked 
|  71|0x0000000709e00000, 0x0000000709e00000, 0x000000070a000000|  0%| F|  |TAMS 0x0000000709e00000, 0x0000000709e00000| Untracked 
|  72|0x000000070a000000, 0x000000070a000000, 0x000000070a200000|  0%| F|  |TAMS 0x000000070a000000, 0x000000070a000000| Untracked 
|  73|0x000000070a200000, 0x000000070a200000, 0x000000070a400000|  0%| F|  |TAMS 0x000000070a200000, 0x000000070a200000| Untracked 
|  74|0x000000070a400000, 0x000000070a400000, 0x000000070a600000|  0%| F|  |TAMS 0x000000070a400000, 0x000000070a400000| Untracked 
|  75|0x000000070a600000, 0x000000070a600000, 0x000000070a800000|  0%| F|  |TAMS 0x000000070a600000, 0x000000070a600000| Untracked 
|  76|0x000000070a800000, 0x000000070a800000, 0x000000070aa00000|  0%| F|  |TAMS 0x000000070a800000, 0x000000070a800000| Untracked 
|  77|0x000000070aa00000, 0x000000070aa00000, 0x000000070ac00000|  0%| F|  |TAMS 0x000000070aa00000, 0x000000070aa00000| Untracked 
|  78|0x000000070ac00000, 0x000000070ac00000, 0x000000070ae00000|  0%| F|  |TAMS 0x000000070ac00000, 0x000000070ac00000| Untracked 
|  79|0x000000070ae00000, 0x000000070ae00000, 0x000000070b000000|  0%| F|  |TAMS 0x000000070ae00000, 0x000000070ae00000| Untracked 
|  80|0x000000070b000000, 0x000000070b000000, 0x000000070b200000|  0%| F|  |TAMS 0x000000070b000000, 0x000000070b000000| Untracked 
|  81|0x000000070b200000, 0x000000070b200000, 0x000000070b400000|  0%| F|  |TAMS 0x000000070b200000, 0x000000070b200000| Untracked 
|  82|0x000000070b400000, 0x000000070b400000, 0x000000070b600000|  0%| F|  |TAMS 0x000000070b400000, 0x000000070b400000| Untracked 
|  83|0x000000070b600000, 0x000000070b600000, 0x000000070b800000|  0%| F|  |TAMS 0x000000070b600000, 0x000000070b600000| Untracked 
|  84|0x000000070b800000, 0x000000070b800000, 0x000000070ba00000|  0%| F|  |TAMS 0x000000070b800000, 0x000000070b800000| Untracked 
|  85|0x000000070ba00000, 0x000000070ba00000, 0x000000070bc00000|  0%| F|  |TAMS 0x000000070ba00000, 0x000000070ba00000| Untracked 
|  86|0x000000070bc00000, 0x000000070bc00000, 0x000000070be00000|  0%| F|  |TAMS 0x000000070bc00000, 0x000000070bc00000| Untracked 
|  87|0x000000070be00000, 0x000000070be00000, 0x000000070c000000|  0%| F|  |TAMS 0x000000070be00000, 0x000000070be00000| Untracked 
|  88|0x000000070c000000, 0x000000070c000000, 0x000000070c200000|  0%| F|  |TAMS 0x000000070c000000, 0x000000070c000000| Untracked 
|  89|0x000000070c200000, 0x000000070c200000, 0x000000070c400000|  0%| F|  |TAMS 0x000000070c200000, 0x000000070c200000| Untracked 
|  90|0x000000070c400000, 0x000000070c400000, 0x000000070c600000|  0%| F|  |TAMS 0x000000070c400000, 0x000000070c400000| Untracked 
|  91|0x000000070c600000, 0x000000070c600000, 0x000000070c800000|  0%| F|  |TAMS 0x000000070c600000, 0x000000070c600000| Untracked 
|  92|0x000000070c800000, 0x000000070c800000, 0x000000070ca00000|  0%| F|  |TAMS 0x000000070c800000, 0x000000070c800000| Untracked 
|  93|0x000000070ca00000, 0x000000070ca00000, 0x000000070cc00000|  0%| F|  |TAMS 0x000000070ca00000, 0x000000070ca00000| Untracked 
|  94|0x000000070cc00000, 0x000000070cc00000, 0x000000070ce00000|  0%| F|  |TAMS 0x000000070cc00000, 0x000000070cc00000| Untracked 
|  95|0x000000070ce00000, 0x000000070ce00000, 0x000000070d000000|  0%| F|  |TAMS 0x000000070ce00000, 0x000000070ce00000| Untracked 
|  96|0x000000070d000000, 0x000000070d000000, 0x000000070d200000|  0%| F|  |TAMS 0x000000070d000000, 0x000000070d000000| Untracked 
|  97|0x000000070d200000, 0x000000070d200000, 0x000000070d400000|  0%| F|  |TAMS 0x000000070d200000, 0x000000070d200000| Untracked 
|  98|0x000000070d400000, 0x000000070d400000, 0x000000070d600000|  0%| F|  |TAMS 0x000000070d400000, 0x000000070d400000| Untracked 
|  99|0x000000070d600000, 0x000000070d600000, 0x000000070d800000|  0%| F|  |TAMS 0x000000070d600000, 0x000000070d600000| Untracked 
| 100|0x000000070d800000, 0x000000070d800000, 0x000000070da00000|  0%| F|  |TAMS 0x000000070d800000, 0x000000070d800000| Untracked 
| 101|0x000000070da00000, 0x000000070da00000, 0x000000070dc00000|  0%| F|  |TAMS 0x000000070da00000, 0x000000070da00000| Untracked 
| 102|0x000000070dc00000, 0x000000070dc00000, 0x000000070de00000|  0%| F|  |TAMS 0x000000070dc00000, 0x000000070dc00000| Untracked 
| 103|0x000000070de00000, 0x000000070de00000, 0x000000070e000000|  0%| F|  |TAMS 0x000000070de00000, 0x000000070de00000| Untracked 
| 104|0x000000070e000000, 0x000000070e000000, 0x000000070e200000|  0%| F|  |TAMS 0x000000070e000000, 0x000000070e000000| Untracked 
| 105|0x000000070e200000, 0x000000070e200000, 0x000000070e400000|  0%| F|  |TAMS 0x000000070e200000, 0x000000070e200000| Untracked 
| 106|0x000000070e400000, 0x000000070e400000, 0x000000070e600000|  0%| F|  |TAMS 0x000000070e400000, 0x000000070e400000| Untracked 
| 107|0x000000070e600000, 0x000000070e600000, 0x000000070e800000|  0%| F|  |TAMS 0x000000070e600000, 0x000000070e600000| Untracked 
| 108|0x000000070e800000, 0x000000070e800000, 0x000000070ea00000|  0%| F|  |TAMS 0x000000070e800000, 0x000000070e800000| Untracked 
| 109|0x000000070ea00000, 0x000000070ea00000, 0x000000070ec00000|  0%| F|  |TAMS 0x000000070ea00000, 0x000000070ea00000| Untracked 
| 110|0x000000070ec00000, 0x000000070ec00000, 0x000000070ee00000|  0%| F|  |TAMS 0x000000070ec00000, 0x000000070ec00000| Untracked 
| 111|0x000000070ee00000, 0x000000070ee00000, 0x000000070f000000|  0%| F|  |TAMS 0x000000070ee00000, 0x000000070ee00000| Untracked 
| 112|0x000000070f000000, 0x000000070f000000, 0x000000070f200000|  0%| F|  |TAMS 0x000000070f000000, 0x000000070f000000| Untracked 
| 113|0x000000070f200000, 0x000000070f200000, 0x000000070f400000|  0%| F|  |TAMS 0x000000070f200000, 0x000000070f200000| Untracked 
| 114|0x000000070f400000, 0x000000070f400000, 0x000000070f600000|  0%| F|  |TAMS 0x000000070f400000, 0x000000070f400000| Untracked 
| 115|0x000000070f600000, 0x000000070f600000, 0x000000070f800000|  0%| F|  |TAMS 0x000000070f600000, 0x000000070f600000| Untracked 
| 116|0x000000070f800000, 0x000000070f800000, 0x000000070fa00000|  0%| F|  |TAMS 0x000000070f800000, 0x000000070f800000| Untracked 
| 117|0x000000070fa00000, 0x000000070fa00000, 0x000000070fc00000|  0%| F|  |TAMS 0x000000070fa00000, 0x000000070fa00000| Untracked 
| 118|0x000000070fc00000, 0x000000070fc00000, 0x000000070fe00000|  0%| F|  |TAMS 0x000000070fc00000, 0x000000070fc00000| Untracked 
| 119|0x000000070fe00000, 0x000000070fe00000, 0x0000000710000000|  0%| F|  |TAMS 0x000000070fe00000, 0x000000070fe00000| Untracked 
| 120|0x0000000710000000, 0x0000000710000000, 0x0000000710200000|  0%| F|  |TAMS 0x0000000710000000, 0x0000000710000000| Untracked 
| 121|0x0000000710200000, 0x0000000710200000, 0x0000000710400000|  0%| F|  |TAMS 0x0000000710200000, 0x0000000710200000| Untracked 
| 122|0x0000000710400000, 0x0000000710400000, 0x0000000710600000|  0%| F|  |TAMS 0x0000000710400000, 0x0000000710400000| Untracked 
| 123|0x0000000710600000, 0x0000000710600000, 0x0000000710800000|  0%| F|  |TAMS 0x0000000710600000, 0x0000000710600000| Untracked 
| 124|0x0000000710800000, 0x0000000710800800, 0x0000000710a00000|  0%| E|  |TAMS 0x0000000710800000, 0x0000000710800000| Complete 
| 125|0x0000000710a00000, 0x0000000710c00000, 0x0000000710c00000|100%| E|CS|TAMS 0x0000000710a00000, 0x0000000710a00000| Complete 
| 126|0x0000000710c00000, 0x0000000710e00000, 0x0000000710e00000|100%| E|CS|TAMS 0x0000000710c00000, 0x0000000710c00000| Complete 
| 127|0x0000000710e00000, 0x0000000711000000, 0x0000000711000000|100%| E|CS|TAMS 0x0000000710e00000, 0x0000000710e00000| Complete 

Card table byte_map: [0x000002b95e990000,0x000002b95f190000] _byte_map_base: 0x000002b95b188000

Marking Bits (Prev, Next): (CMBitMap*) 0x000002b94b5d7af0, (CMBitMap*) 0x000002b94b5d7b30
 Prev Bits: [0x000002b95f990000, 0x000002b963950000)
 Next Bits: [0x000002b963950000, 0x000002b967910000)

Polling page: 0x000002b949200000

Metaspace:

Usage:
  Non-class:     12.19 MB used.
      Class:      1.40 MB used.
       Both:     13.59 MB used.

Virtual space:
  Non-class space:       16.00 MB reserved,      12.25 MB ( 77%) committed,  2 nodes.
      Class space:        1.00 GB reserved,       1.50 MB ( <1%) committed,  1 nodes.
             Both:        1.02 GB reserved,      13.75 MB (  1%) committed. 

Chunk freelists:
   Non-Class:  3.00 MB
       Class:  2.55 MB
        Both:  5.55 MB

MaxMetaspaceSize: unlimited
CompressedClassSpaceSize: 1.00 GB
Initial GC threshold: 21.00 MB
Current GC threshold: 21.00 MB
CDS: off
MetaspaceReclaimPolicy: balanced
 - commit_granule_bytes: 65536.
 - commit_granule_words: 8192.
 - virtual_space_node_default_size: 1048576.
 - enlarge_chunks_in_place: 1.
 - new_chunks_are_fully_committed: 0.
 - uncommit_free_chunks: 1.
 - use_allocation_guard: 0.
 - handle_deallocations: 1.


Internal statistics:

num_allocs_failed_limit: 0.
num_arena_births: 112.
num_arena_deaths: 0.
num_vsnodes_births: 3.
num_vsnodes_deaths: 0.
num_space_committed: 220.
num_space_uncommitted: 0.
num_chunks_returned_to_freelist: 0.
num_chunks_taken_from_freelist: 188.
num_chunk_merges: 0.
num_chunk_splits: 93.
num_chunks_enlarged: 27.
num_purges: 0.
num_inconsistent_stats: 0.

CodeHeap 'non-profiled nmethods': size=120000Kb used=173Kb max_used=173Kb free=119826Kb
 bounds [0x000002b956700000, 0x000002b956970000, 0x000002b95dc30000]
CodeHeap 'profiled nmethods': size=120000Kb used=969Kb max_used=969Kb free=119030Kb
 bounds [0x000002b94ec30000, 0x000002b94eea0000, 0x000002b956160000]
CodeHeap 'non-nmethods': size=5760Kb used=1267Kb max_used=1278Kb free=4492Kb
 bounds [0x000002b956160000, 0x000002b9563d0000, 0x000002b956700000]
 total_blobs=1247 nmethods=659 adapters=501
 compilation: enabled
              stopped_count=0, restarted_count=0
 full_count=0

Compilation events (20 events):
Event: 0.591 Thread 0x000002b96b08d2b0  644       1       java.awt.image.Raster::getMinX (5 bytes)
Event: 0.591 Thread 0x000002b96b08d2b0 nmethod 644 0x000002b95672b090 code [0x000002b95672b220, 0x000002b95672b2f8]
Event: 0.591 Thread 0x000002b96b08d2b0  645       1       java.awt.image.Raster::getMinY (5 bytes)
Event: 0.591 Thread 0x000002b96b08d2b0 nmethod 645 0x000002b95672b390 code [0x000002b95672b520, 0x000002b95672b5f8]
Event: 0.591 Thread 0x000002b96b08d2b0  649  s    3       java.awt.ColorPaintContext::getRaster (88 bytes)
Event: 0.592 Thread 0x000002b96b08d2b0 nmethod 649 0x000002b94ed1e990 code [0x000002b94ed1eba0, 0x000002b94ed1f3d8]
Event: 0.592 Thread 0x000002b96b08d2b0  650       3       sun.java2d.loops.Blit$GeneralMaskBlit::Blit (28 bytes)
Event: 0.592 Thread 0x000002b96b08d2b0 nmethod 650 0x000002b94ed1f690 code [0x000002b94ed1f840, 0x000002b94ed1fa88]
Event: 0.592 Thread 0x000002b96b08d2b0  652       3       sun.java2d.pipe.RegionIterator::copyStateFrom (38 bytes)
Event: 0.592 Thread 0x000002b96b08d2b0 nmethod 652 0x000002b94ed1fb90 code [0x000002b94ed1fd40, 0x000002b94ed1ff88]
Event: 0.592 Thread 0x000002b96b08d2b0  654       3       sun.java2d.pipe.SpanShapeRenderer$Composite::renderBox (21 bytes)
Event: 0.592 Thread 0x000002b96b08d2b0 nmethod 654 0x000002b94ed20090 code [0x000002b94ed20240, 0x000002b94ed20448]
Event: 0.593 Thread 0x000002b96b08d2b0  656       3       java.security.AccessController::executePrivileged (65 bytes)
Event: 0.593 Thread 0x000002b96b08d2b0 nmethod 656 0x000002b94ed20510 code [0x000002b94ed206e0, 0x000002b94ed209d8]
Event: 0.601 Thread 0x000002b96b08d2b0  657       3       java.nio.ByteBufferAsIntBufferB::get (30 bytes)
Event: 0.601 Thread 0x000002b96b08d2b0 nmethod 657 0x000002b94ed20b10 code [0x000002b94ed20d60, 0x000002b94ed21748]
Event: 0.601 Thread 0x000002b96b08d2b0  658       3       java.nio.ByteBufferAsIntBufferB::byteOffset (9 bytes)
Event: 0.601 Thread 0x000002b96b08d2b0 nmethod 658 0x000002b94ed21b90 code [0x000002b94ed21d20, 0x000002b94ed21e38]
Event: 0.601 Thread 0x000002b96b08d2b0  659       3       sun.nio.ch.FileChannelImpl::ensureOpen (16 bytes)
Event: 0.602 Thread 0x000002b96b08d2b0 nmethod 659 0x000002b94ed21f10 code [0x000002b94ed220c0, 0x000002b94ed22348]

GC Heap History (0 events):
No events

Dll operation events (8 events):
Event: 0.006 Loaded shared library C:\Users\jrpncodes\.p2\pool\plugins\org.eclipse.justj.openjdk.hotspot.jre.full.win32.x86_64_17.0.6.v20230125-1136\jre\bin\java.dll
Event: 0.125 Loaded shared library C:\Users\jrpncodes\.p2\pool\plugins\org.eclipse.justj.openjdk.hotspot.jre.full.win32.x86_64_17.0.6.v20230125-1136\jre\bin\jimage.dll
Event: 0.137 Loaded shared library C:\Users\jrpncodes\.p2\pool\plugins\org.eclipse.justj.openjdk.hotspot.jre.full.win32.x86_64_17.0.6.v20230125-1136\jre\bin\net.dll
Event: 0.139 Loaded shared library C:\Users\jrpncodes\.p2\pool\plugins\org.eclipse.justj.openjdk.hotspot.jre.full.win32.x86_64_17.0.6.v20230125-1136\jre\bin\nio.dll
Event: 0.145 Loaded shared library C:\Users\jrpncodes\.p2\pool\plugins\org.eclipse.justj.openjdk.hotspot.jre.full.win32.x86_64_17.0.6.v20230125-1136\jre\bin\zip.dll
Event: 0.180 Loaded shared library C:\Users\jrpncodes\.p2\pool\plugins\org.eclipse.justj.openjdk.hotspot.jre.full.win32.x86_64_17.0.6.v20230125-1136\jre\bin\awt.dll
Event: 0.471 Loaded shared library C:\Users\jrpncodes\.p2\pool\plugins\org.eclipse.justj.openjdk.hotspot.jre.full.win32.x86_64_17.0.6.v20230125-1136\jre\bin\freetype.dll
Event: 0.472 Loaded shared library C:\Users\jrpncodes\.p2\pool\plugins\org.eclipse.justj.openjdk.hotspot.jre.full.win32.x86_64_17.0.6.v20230125-1136\jre\bin\fontmanager.dll

Deoptimization events (2 events):
Event: 0.488 Thread 0x000002b94b56bbc0 DEOPT PACKING pc=0x000002b94ec458e7 sp=0x000000ed6b6fc6e0
Event: 0.488 Thread 0x000002b94b56bbc0 DEOPT UNPACKING pc=0x000002b9561b7143 sp=0x000000ed6b6fbb00 mode 0

Classes unloaded (0 events):
No events

Classes redefined (0 events):
No events

Internal exceptions (14 events):
Event: 0.169 Thread 0x000002b94b56bbc0 Exception <a 'java/lang/ClassNotFoundException'{0x0000000710fb4080}: sun/awt/resources/spi/awtProvider> (0x0000000710fb4080) 
thrown [s\src\hotspot\share\classfile\systemDictionary.cpp, line 256]
Event: 0.200 Thread 0x000002b94b56bbc0 Exception <a 'java/io/FileNotFoundException'{0x0000000710c0f2d0}> (0x0000000710c0f2d0) 
thrown [s\src\hotspot\share\prims\jni.cpp, line 516]
Event: 0.208 Thread 0x000002b94b56bbc0 Exception <a 'java/io/FileNotFoundException'{0x0000000710c3c278}> (0x0000000710c3c278) 
thrown [s\src\hotspot\share\prims\jni.cpp, line 516]
Event: 0.257 Thread 0x000002b94b56bbc0 Exception <a 'java/lang/NoSuchMethodError'{0x0000000710c7cd48}: 'java.lang.Object java.lang.invoke.DirectMethodHandle$Holder.invokeStaticInit(java.lang.Object)'> (0x0000000710c7cd48) 
thrown [s\src\hotspot\share\interpreter\linkResolver.cpp, line 759]
Event: 0.353 Thread 0x000002b94b56bbc0 Exception <a 'java/lang/NoSuchMethodError'{0x0000000710cc79d8}: 'void java.lang.invoke.DirectMethodHandle$Holder.invokeSpecial(java.lang.Object, java.lang.Object, java.lang.Object)'> (0x0000000710cc79d8) 
thrown [s\src\hotspot\share\interpreter\linkResolver.cpp, line 759]
Event: 0.362 Thread 0x000002b94b56bbc0 Exception <a 'java/lang/NoSuchMethodError'{0x0000000710d62848}: 'java.lang.Object java.lang.invoke.DirectMethodHandle$Holder.newInvokeSpecial(java.lang.Object, java.lang.Object, java.lang.Object, java.lang.Object, java.lang.Object)'> (0x0000000710d62848) 
thrown [s\src\hotspot\share\interpreter\linkResolver.cpp, line 759]
Event: 0.364 Thread 0x000002b94b56bbc0 Exception <a 'java/lang/NoSuchMethodError'{0x0000000710d6e210}: 'java.lang.Object java.lang.invoke.DirectMethodHandle$Holder.invokeStatic(java.lang.Object, int, java.lang.Object, java.lang.Object, java.lang.Object, java.lang.Object)'> (0x0000000710d6e210) 
thrown [s\src\hotspot\share\interpreter\linkResolver.cpp, line 759]
Event: 0.369 Thread 0x000002b94b56bbc0 Exception <a 'java/lang/NoSuchMethodError'{0x0000000710d939d0}: 'java.lang.Object java.lang.invoke.DirectMethodHandle$Holder.invokeStatic(java.lang.Object, int, java.lang.Object)'> (0x0000000710d939d0) 
thrown [s\src\hotspot\share\interpreter\linkResolver.cpp, line 759]
Event: 0.394 Thread 0x000002b94b56bbc0 Exception <a 'java/lang/ClassNotFoundException'{0x0000000710a4b730}: com/sun/swing/internal/plaf/metal/resources/spi/metalProvider> (0x0000000710a4b730) 
thrown [s\src\hotspot\share\classfile\systemDictionary.cpp, line 256]
Event: 0.395 Thread 0x000002b94b56bbc0 Exception <a 'java/lang/ClassNotFoundException'{0x0000000710a50118}: com/sun/swing/internal/plaf/basic/resources/spi/basicProvider> (0x0000000710a50118) 
thrown [s\src\hotspot\share\classfile\systemDictionary.cpp, line 256]
Event: 0.406 Thread 0x000002b94b56bbc0 Exception <a 'java/lang/NoSuchMethodError'{0x0000000710a6d960}: 'void java.lang.invoke.DirectMethodHandle$Holder.invokeStatic(java.lang.Object, java.lang.Object, java.lang.Object)'> (0x0000000710a6d960) 
thrown [s\src\hotspot\share\interpreter\linkResolver.cpp, line 759]
Event: 0.407 Thread 0x000002b94b56bbc0 Exception <a 'java/lang/NoSuchMethodError'{0x0000000710a74040}: 'void java.lang.invoke.DirectMethodHandle$Holder.invokeStatic(java.lang.Object, java.lang.Object)'> (0x0000000710a74040) 
thrown [s\src\hotspot\share\interpreter\linkResolver.cpp, line 759]
Event: 0.466 Thread 0x000002b94b56bbc0 Exception <a 'java/lang/NoSuchMethodError'{0x0000000710acff88}: 'void java.lang.invoke.DirectMethodHandle$Holder.invokeStaticInit(java.lang.Object)'> (0x0000000710acff88) 
thrown [s\src\hotspot\share\interpreter\linkResolver.cpp, line 759]
Event: 0.534 Thread 0x000002b96b691410 Exception <a 'java/lang/NoSuchMethodError'{0x0000000710cf21f0}: 'void java.lang.invoke.DirectMethodHandle$Holder.invokeVirtual(java.lang.Object, java.lang.Object)'> (0x0000000710cf21f0) 
thrown [s\src\hotspot\share\interpreter\linkResolver.cpp, line 759]

VM Operations (10 events):
Event: 0.393 Executing VM operation: HandshakeAllThreads
Event: 0.393 Executing VM operation: HandshakeAllThreads done
Event: 0.427 Executing VM operation: HandshakeAllThreads
Event: 0.427 Executing VM operation: HandshakeAllThreads done
Event: 0.430 Executing VM operation: HandshakeAllThreads
Event: 0.430 Executing VM operation: HandshakeAllThreads done
Event: 0.488 Executing VM operation: HandshakeAllThreads
Event: 0.488 Executing VM operation: HandshakeAllThreads done
Event: 0.539 Executing VM operation: HandshakeAllThreads
Event: 0.539 Executing VM operation: HandshakeAllThreads done

Events (20 events):
Event: 0.592 loading class sun/java2d/d3d/D3DPaints$Texture done
Event: 0.593 loading class sun/awt/image/ToolkitImage
Event: 0.593 loading class sun/awt/image/ToolkitImage done
Event: 0.593 loading class sun/awt/image/MultiResolutionToolkitImage
Event: 0.593 loading class sun/awt/image/MultiResolutionToolkitImage done
Event: 0.594 loading class sun/java2d/loops/MaskBlit$General
Event: 0.594 loading class sun/java2d/loops/GraphicsPrimitive$GeneralBinaryOp
Event: 0.594 loading class sun/java2d/loops/GraphicsPrimitive$GeneralBinaryOp done
Event: 0.594 loading class sun/java2d/loops/MaskBlit$General done
Event: 0.599 loading class sun/font/FontDesignMetrics$MetricsKey
Event: 0.599 loading class sun/font/FontDesignMetrics$MetricsKey done
Event: 0.602 loading class javax/swing/text/SegmentCache
Event: 0.602 loading class javax/swing/text/SegmentCache done
Event: 0.602 loading class javax/swing/text/SegmentCache$CachedSegment
Event: 0.602 loading class javax/swing/text/Segment
Event: 0.602 loading class java/text/CharacterIterator
Event: 0.602 loading class java/text/CharacterIterator done
Event: 0.602 loading class javax/swing/text/Segment done
Event: 0.602 loading class javax/swing/text/SegmentCache$CachedSegment done
Event: 0.602 loading class javax/swing/text/Utilities


Dynamic libraries:
0x00007ff66f9c0000 - 0x00007ff66f9ce000 	C:\Users\jrpncodes\.p2\pool\plugins\org.eclipse.justj.openjdk.hotspot.jre.full.win32.x86_64_17.0.6.v20230125-1136\jre\bin\javaw.exe
0x00007ffd0ccd0000 - 0x00007ffd0cec8000 	C:\WINDOWS\SYSTEM32\ntdll.dll
0x00007ffd0bf90000 - 0x00007ffd0c04f000 	C:\WINDOWS\System32\KERNEL32.DLL
0x00007ffd0a680000 - 0x00007ffd0a952000 	C:\WINDOWS\System32\KERNELBASE.dll
0x00007ffd0aa50000 - 0x00007ffd0ab50000 	C:\WINDOWS\System32\ucrtbase.dll
0x00007ffcf7ec0000 - 0x00007ffcf7ed7000 	C:\Users\jrpncodes\.p2\pool\plugins\org.eclipse.justj.openjdk.hotspot.jre.full.win32.x86_64_17.0.6.v20230125-1136\jre\bin\jli.dll
0x00007ffcf7ea0000 - 0x00007ffcf7eb9000 	C:\Users\jrpncodes\.p2\pool\plugins\org.eclipse.justj.openjdk.hotspot.jre.full.win32.x86_64_17.0.6.v20230125-1136\jre\bin\VCRUNTIME140.dll
0x00007ffd0adf0000 - 0x00007ffd0af91000 	C:\WINDOWS\System32\USER32.dll
0x00007ffcf5e40000 - 0x00007ffcf60da000 	C:\WINDOWS\WinSxS\amd64_microsoft.windows.common-controls_6595b64144ccf1df_6.0.19041.1110_none_60b5254171f9507e\COMCTL32.dll
0x00007ffd0a9f0000 - 0x00007ffd0aa12000 	C:\WINDOWS\System32\win32u.dll
0x00007ffd0ba80000 - 0x00007ffd0bb1e000 	C:\WINDOWS\System32\msvcrt.dll
0x00007ffd0ad10000 - 0x00007ffd0ad3b000 	C:\WINDOWS\System32\GDI32.dll
0x00007ffd0ac00000 - 0x00007ffd0ad0f000 	C:\WINDOWS\System32\gdi32full.dll
0x00007ffd0a3c0000 - 0x00007ffd0a45d000 	C:\WINDOWS\System32\msvcp_win.dll
0x00007ffd0bef0000 - 0x00007ffd0bf22000 	C:\WINDOWS\System32\IMM32.DLL
0x00007ffd06670000 - 0x00007ffd0667c000 	C:\Users\jrpncodes\.p2\pool\plugins\org.eclipse.justj.openjdk.hotspot.jre.full.win32.x86_64_17.0.6.v20230125-1136\jre\bin\vcruntime140_1.dll
0x00007ffcf7410000 - 0x00007ffcf74a1000 	C:\Users\jrpncodes\.p2\pool\plugins\org.eclipse.justj.openjdk.hotspot.jre.full.win32.x86_64_17.0.6.v20230125-1136\jre\bin\msvcp140.dll
0x00007ffce34f0000 - 0x00007ffce4137000 	C:\Users\jrpncodes\.p2\pool\plugins\org.eclipse.justj.openjdk.hotspot.jre.full.win32.x86_64_17.0.6.v20230125-1136\jre\bin\server\jvm.dll
0x00007ffd0ad40000 - 0x00007ffd0adee000 	C:\WINDOWS\System32\ADVAPI32.dll
0x00007ffd0c070000 - 0x00007ffd0c10c000 	C:\WINDOWS\System32\sechost.dll
0x00007ffd0bb20000 - 0x00007ffd0bc45000 	C:\WINDOWS\System32\RPCRT4.dll
0x00007ffcf9a40000 - 0x00007ffcf9a49000 	C:\WINDOWS\SYSTEM32\WSOCK32.dll
0x00007ffd0bc50000 - 0x00007ffd0bcbb000 	C:\WINDOWS\System32\WS2_32.dll
0x00007ffcff030000 - 0x00007ffcff057000 	C:\WINDOWS\SYSTEM32\WINMM.dll
0x00007ffd02b80000 - 0x00007ffd02b8a000 	C:\WINDOWS\SYSTEM32\VERSION.dll
0x00007ffd081c0000 - 0x00007ffd081d2000 	C:\WINDOWS\SYSTEM32\kernel.appcore.dll
0x00007ffcf9a30000 - 0x00007ffcf9a3a000 	C:\Users\jrpncodes\.p2\pool\plugins\org.eclipse.justj.openjdk.hotspot.jre.full.win32.x86_64_17.0.6.v20230125-1136\jre\bin\jimage.dll
0x00007ffd03730000 - 0x00007ffd03914000 	C:\WINDOWS\SYSTEM32\DBGHELP.DLL
0x00007ffcf80c0000 - 0x00007ffcf80f5000 	C:\WINDOWS\SYSTEM32\dbgcore.DLL
0x00007ffd0a960000 - 0x00007ffd0a9e2000 	C:\WINDOWS\System32\bcryptPrimitives.dll
0x00007ffcf9940000 - 0x00007ffcf9965000 	C:\Users\jrpncodes\.p2\pool\plugins\org.eclipse.justj.openjdk.hotspot.jre.full.win32.x86_64_17.0.6.v20230125-1136\jre\bin\java.dll
0x00007ffcf8cf0000 - 0x00007ffcf8d08000 	C:\Users\jrpncodes\.p2\pool\plugins\org.eclipse.justj.openjdk.hotspot.jre.full.win32.x86_64_17.0.6.v20230125-1136\jre\bin\zip.dll
0x00007ffd0c1e0000 - 0x00007ffd0c925000 	C:\WINDOWS\System32\SHELL32.dll
0x00007ffd084a0000 - 0x00007ffd08c32000 	C:\WINDOWS\SYSTEM32\windows.storage.dll
0x00007ffd0c930000 - 0x00007ffd0cc85000 	C:\WINDOWS\System32\combase.dll
0x00007ffd09db0000 - 0x00007ffd09de0000 	C:\WINDOWS\SYSTEM32\Wldp.dll
0x00007ffd0b4e0000 - 0x00007ffd0b58d000 	C:\WINDOWS\System32\SHCORE.dll
0x00007ffd0bf30000 - 0x00007ffd0bf85000 	C:\WINDOWS\System32\shlwapi.dll
0x00007ffd0a300000 - 0x00007ffd0a31f000 	C:\WINDOWS\SYSTEM32\profapi.dll
0x00007ffcf73c0000 - 0x00007ffcf73d9000 	C:\Users\jrpncodes\.p2\pool\plugins\org.eclipse.justj.openjdk.hotspot.jre.full.win32.x86_64_17.0.6.v20230125-1136\jre\bin\net.dll
0x00007ffd02970000 - 0x00007ffd02a7c000 	C:\WINDOWS\SYSTEM32\WINHTTP.dll
0x00007ffd09aa0000 - 0x00007ffd09b0a000 	C:\WINDOWS\system32\mswsock.dll
0x00007ffcf73a0000 - 0x00007ffcf73b5000 	C:\Users\jrpncodes\.p2\pool\plugins\org.eclipse.justj.openjdk.hotspot.jre.full.win32.x86_64_17.0.6.v20230125-1136\jre\bin\nio.dll
0x00007ffceb8a0000 - 0x00007ffceba2e000 	C:\Users\jrpncodes\.p2\pool\plugins\org.eclipse.justj.openjdk.hotspot.jre.full.win32.x86_64_17.0.6.v20230125-1136\jre\bin\awt.dll
0x00007ffd0c110000 - 0x00007ffd0c1dd000 	C:\WINDOWS\System32\OLEAUT32.dll
0x00007ffd07b30000 - 0x00007ffd07bc0000 	C:\WINDOWS\SYSTEM32\apphelp.dll
0x00007ffd08190000 - 0x00007ffd081bf000 	C:\WINDOWS\system32\DWMAPI.DLL
0x00007ffd07dd0000 - 0x00007ffd07e6e000 	C:\WINDOWS\system32\uxtheme.dll
0x00007ffd05410000 - 0x00007ffd05535000 	C:\WINDOWS\system32\opengl32.dll
0x00007ffd03c40000 - 0x00007ffd03c6c000 	C:\WINDOWS\SYSTEM32\GLU32.dll
0x00007ffd0bd50000 - 0x00007ffd0be65000 	C:\WINDOWS\System32\MSCTF.dll
0x00007ffd0b080000 - 0x00007ffd0b1aa000 	C:\WINDOWS\System32\ole32.dll
0x00007ffd05640000 - 0x00007ffd0580e000 	C:\WINDOWS\system32\d3d9.dll
0x00007ffcff060000 - 0x00007ffcff21b000 	C:\WINDOWS\System32\DriverStore\FileRepository\u0387206.inf_amd64_081d192bd0a4e0cb\B386218\aticfx64.dll
0x00007ffcc6df0000 - 0x00007ffcc6e24000 	C:\WINDOWS\System32\DriverStore\FileRepository\u0387206.inf_amd64_081d192bd0a4e0cb\B386218\atiu9p64.dll
0x00007ffcc5d50000 - 0x00007ffcc6aa5000 	C:\WINDOWS\System32\DriverStore\FileRepository\u0387206.inf_amd64_081d192bd0a4e0cb\B386218\atiumd64.dll
0x000000006e600000 - 0x000000006f527000 	C:\WINDOWS\System32\DriverStore\FileRepository\u0387206.inf_amd64_081d192bd0a4e0cb\B386218\atiumd6a.dll
0x00007ffd0b610000 - 0x00007ffd0ba78000 	C:\WINDOWS\System32\SETUPAPI.dll
0x00007ffd0a460000 - 0x00007ffd0a4ae000 	C:\WINDOWS\System32\cfgmgr32.dll
0x00007ffd09e40000 - 0x00007ffd09e8b000 	C:\WINDOWS\SYSTEM32\POWRPROF.dll
0x00007ffd0aa20000 - 0x00007ffd0aa47000 	C:\WINDOWS\System32\bcrypt.dll
0x00007ffd09de0000 - 0x00007ffd09df2000 	C:\WINDOWS\SYSTEM32\UMPDC.dll
0x00007ffcfb1f0000 - 0x00007ffcfb225000 	C:\WINDOWS\SYSTEM32\amdihk64.dll
0x00007ffcff4a0000 - 0x00007ffcff4db000 	C:\WINDOWS\SYSTEM32\dxcore.dll
0x00007ffceab50000 - 0x00007ffceabd6000 	C:\Users\jrpncodes\.p2\pool\plugins\org.eclipse.justj.openjdk.hotspot.jre.full.win32.x86_64_17.0.6.v20230125-1136\jre\bin\freetype.dll
0x00007ffce42a0000 - 0x00007ffce4365000 	C:\Users\jrpncodes\.p2\pool\plugins\org.eclipse.justj.openjdk.hotspot.jre.full.win32.x86_64_17.0.6.v20230125-1136\jre\bin\fontmanager.dll
0x00007ffd0b280000 - 0x00007ffd0b329000 	C:\WINDOWS\System32\clbcatq.dll
0x00007ffd01ff0000 - 0x00007ffd021a4000 	C:\WINDOWS\SYSTEM32\WindowsCodecs.dll
0x00007ffcede40000 - 0x00007ffcede7e000 	C:\WINDOWS\system32\dataexchange.dll
0x00007ffd05f50000 - 0x00007ffd061b3000 	C:\WINDOWS\system32\d3d11.dll
0x00007ffd06eb0000 - 0x00007ffd07093000 	C:\WINDOWS\system32\dcomp.dll
0x00007ffd08c80000 - 0x00007ffd08d73000 	C:\WINDOWS\system32\dxgi.dll
0x00007ffd01db0000 - 0x00007ffd01fb0000 	C:\WINDOWS\system32\twinapi.appcore.dll
0x00007ffcff640000 - 0x00007ffcff739000 	C:\WINDOWS\SYSTEM32\textinputframework.dll
0x00007ffd07420000 - 0x00007ffd0777e000 	C:\WINDOWS\System32\CoreUIComponents.dll
0x00007ffd07780000 - 0x00007ffd07872000 	C:\WINDOWS\System32\CoreMessaging.dll
0x00007ffd094e0000 - 0x00007ffd09513000 	C:\WINDOWS\SYSTEM32\ntmarta.dll
0x00007ffd06d50000 - 0x00007ffd06ea4000 	C:\WINDOWS\SYSTEM32\wintypes.dll

dbghelp: loaded successfully - version: 4.0.5 - missing functions: none
symbol engine: initialized successfully - sym options: 0x614 - pdb path: .;C:\Users\jrpncodes\.p2\pool\plugins\org.eclipse.justj.openjdk.hotspot.jre.full.win32.x86_64_17.0.6.v20230125-1136\jre\bin;C:\WINDOWS\SYSTEM32;C:\WINDOWS\WinSxS\amd64_microsoft.windows.common-controls_6595b64144ccf1df_6.0.19041.1110_none_60b5254171f9507e;C:\Users\jrpncodes\.p2\pool\plugins\org.eclipse.justj.openjdk.hotspot.jre.full.win32.x86_64_17.0.6.v20230125-1136\jre\bin\server;C:\WINDOWS\System32\DriverStore\FileRepository\u0387206.inf_amd64_081d192bd0a4e0cb\B386218

VM Arguments:
jvm_args: -Dfile.encoding=UTF-8 -XX:+ShowCodeDetailsInExceptionMessages 
java_command: Main
java_class_path (initial): C:\Users\jrpncodes\eclipse-workspace\AgendaCientifica;C:\Users\jrpncodes\Downloads\mysql-connector-java-5.1.47.jar
Launcher Type: SUN_STANDARD

[Global flags]
     intx CICompilerCount                          = 4                                         {product} {ergonomic}
     uint ConcGCThreads                            = 3                                         {product} {ergonomic}
     uint G1ConcRefinementThreads                  = 10                                        {product} {ergonomic}
   size_t G1HeapRegionSize                         = 2097152                                   {product} {ergonomic}
    uintx GCDrainStackTargetSize                   = 64                                        {product} {ergonomic}
   size_t InitialHeapSize                          = 268435456                                 {product} {ergonomic}
   size_t MarkStackSize                            = 4194304                                   {product} {ergonomic}
   size_t MaxHeapSize                              = 4278190080                                {product} {ergonomic}
   size_t MaxNewSize                               = 2566914048                                {product} {ergonomic}
   size_t MinHeapDeltaBytes                        = 2097152                                   {product} {ergonomic}
   size_t MinHeapSize                              = 8388608                                   {product} {ergonomic}
    uintx NonNMethodCodeHeapSize                   = 5839372                                {pd product} {ergonomic}
    uintx NonProfiledCodeHeapSize                  = 122909434                              {pd product} {ergonomic}
    uintx ProfiledCodeHeapSize                     = 122909434                              {pd product} {ergonomic}
    uintx ReservedCodeCacheSize                    = 251658240                              {pd product} {ergonomic}
     bool SegmentedCodeCache                       = true                                      {product} {ergonomic}
     bool ShowCodeDetailsInExceptionMessages       = true                                   {manageable} {command line}
   size_t SoftMaxHeapSize                          = 4278190080                             {manageable} {ergonomic}
     bool UseCompressedClassPointers               = true                           {product lp64_product} {ergonomic}
     bool UseCompressedOops                        = true                           {product lp64_product} {ergonomic}
     bool UseG1GC                                  = true                                      {product} {ergonomic}
     bool UseLargePagesIndividualAllocation        = false                                  {pd product} {ergonomic}

Logging:
Log output configuration:
 #0: stdout all=warning uptime,level,tags
 #1: stderr all=off uptime,level,tags

Environment Variables:
JAVA_HOME=C:\Program Files\Microsoft\jdk-11.0.18.10-hotspot
PATH=C:/Users/jrpncodes/.p2/pool/plugins/org.eclipse.justj.openjdk.hotspot.jre.full.win32.x86_64_17.0.6.v20230125-1136/jre/bin/server;C:/Users/jrpncodes/.p2/pool/plugins/org.eclipse.justj.openjdk.hotspot.jre.full.win32.x86_64_17.0.6.v20230125-1136/jre/bin;C:\Program Files\Microsoft\jdk-11.0.18.10-hotspot\bin;C:\WINDOWS\system32;C:\WINDOWS;C:\WINDOWS\System32\Wbem;C:\WINDOWS\System32\WindowsPowerShell\v1.0\;C:\WINDOWS\System32\OpenSSH\;C:\ProgramData\chocolatey\bin;C:\Program Files\nodejs\;C:\Program Files\Git\cmd;C:\Users\jrpncodes\AppData\Local\Android\Sdk\platform-tools;C:\MinGW\bin;C:\Users\jrpncodes\AppData\Local\Programs\Python\Python311\Scripts\;C:\Users\jrpncodes\AppData\Local\Programs\Python\Python311\;C:\Users\jrpncodes\AppData\Local\Microsoft\WindowsApps;C:\Users\jrpncodes\AppData\Roaming\npm;C:\Users\jrpncodes\AppData\Local\Programs\Microsoft VS Code\bin;C:\WINDOWS\system32;
USERNAME=jrpncodes
OS=Windows_NT
PROCESSOR_IDENTIFIER=Intel64 Family 6 Model 165 Stepping 5, GenuineIntel
TMP=C:\Users\JRPNCO~1\AppData\Local\Temp
TEMP=C:\Users\JRPNCO~1\AppData\Local\Temp



---------------  S Y S T E M  ---------------

OS:
 Windows 10 , 64 bit Build 19041 (10.0.19041.2546)
OS uptime: 0 days 7:06 hours

CPU: total 12 (initial active 12) (6 cores per cpu, 2 threads per core) family 6 model 165 stepping 5 microcode 0xe2, cx8, cmov, fxsr, ht, mmx, 3dnowpref, sse, sse2, sse3, ssse3, sse4.1, sse4.2, popcnt, lzcnt, tsc, tscinvbit, avx, avx2, aes, erms, clmul, bmi1, bmi2, adx, fma, vzeroupper, clflush, clflushopt

Memory: 4k page, system-wide physical 16319M (8659M free)
TotalPageFile size 31495M (AvailPageFile size 1M)
current process WorkingSet (physical memory assigned to process): 82M, peak: 82M
current process commit charge ("private bytes"): 381M, peak: 384M

vm_info: OpenJDK 64-Bit Server VM (17.0.6+10) for windows-amd64 JRE (17.0.6+10), built on Jan 18 2023 10:08:59 by "temurin" with MS VC++ 16.7 (VS2019)

END.
