#
# There is insufficient memory for the Java Runtime Environment to continue.
# Native memory allocation (malloc) failed to allocate 1048576 bytes for AllocateHeap
# Possible reasons:
#   The system is out of physical RAM or swap space
#   The process is running with CompressedOops enabled, and the Java Heap may be blocking the growth of the native heap
# Possible solutions:
#   Reduce memory load on the system
#   Increase physical memory or swap space
#   Check if swap backing store is full
#   Decrease Java heap size (-Xmx/-Xms)
#   Decrease number of Java threads
#   Decrease Java thread stack sizes (-Xss)
#   Set larger code cache with -XX:ReservedCodeCacheSize=
#   JVM is running with Unscaled Compressed Oops mode in which the Java heap is
#     placed in the first 4GB address space. The Java Heap base address is the
#     maximum limit for the native heap growth. Please use -XX:HeapBaseMinAddress
#     to set the Java Heap base and to place the Java Heap above 4GB virtual address.
# This output file may be truncated or incomplete.
#
#  Out of Memory Error (allocation.cpp:44), pid=19680, tid=19716
#
# JRE version:  (17.0.6+10) (build )
# Java VM: OpenJDK 64-Bit Server VM (17.0.6+10, mixed mode, sharing, tiered, compressed oops, compressed class ptrs, g1 gc, windows-amd64)
# No core dump will be written. Minidumps are not enabled by default on client versions of Windows
#

---------------  S U M M A R Y ------------

Command Line: -Dfile.encoding=UTF-8 -XX:+ShowCodeDetailsInExceptionMessages Main

Host: Intel(R) Core(TM) i5-10400F CPU @ 2.90GHz, 12 cores, 15G,  Windows 10 , 64 bit Build 19041 (10.0.19041.2546)
Time: Tue Feb 21 05:39:57 2023 Hora oficial do Brasil elapsed time: 0.010125 seconds (0d 0h 0m 0s)

---------------  T H R E A D  ---------------

Current thread (0x000001f3541b9c20):  JavaThread "Unknown thread" [_thread_in_vm, id=19716, stack(0x000000115ba00000,0x000000115bb00000)]

Stack: [0x000000115ba00000,0x000000115bb00000]
Native frames: (J=compiled Java code, j=interpreted, Vv=VM code, C=native code)
V  [jvm.dll+0x67741a]
V  [jvm.dll+0x834434]
V  [jvm.dll+0x835bde]
V  [jvm.dll+0x836243]
V  [jvm.dll+0x2457b5]
V  [jvm.dll+0xa626f]
V  [jvm.dll+0x2d73f4]
V  [jvm.dll+0x8060fc]
V  [jvm.dll+0x369331]
V  [jvm.dll+0x7e56ac]
V  [jvm.dll+0x3eb35f]
V  [jvm.dll+0x3ecea1]
C  [jli.dll+0x5267]
C  [ucrtbase.dll+0x21bb2]
C  [KERNEL32.DLL+0x17614]
C  [ntdll.dll+0x526a1]


---------------  P R O C E S S  ---------------

Threads class SMR info:
_java_thread_list=0x00007ff86d4e5fd8, length=0, elements={
}

Java Threads: ( => current thread )

Other Threads:

=>0x000001f3541b9c20 (exited) JavaThread "Unknown thread" [_thread_in_vm, id=19716, stack(0x000000115ba00000,0x000000115bb00000)]

Threads with active compile tasks:

VM state: not at safepoint (not fully initialized)

VM Mutex/Monitor currently owned by a thread: None

Heap address: 0x0000000000000000, size: 0 MB, Compressed Oops mode: 32-bit

CDS archive(s) mapped at: [0x0000000000000000-0x0000000000000000-0x0000000000000000), size 0, SharedBaseAddress: 0x0000000800000000, ArchiveRelocationMode: 0.
Narrow klass base: 0x0000000000000000, Narrow klass shift: 0, Narrow klass range: 0x0

GC Precious Log:
<Empty>

GC Heap History (0 events):
No events

Dll operation events (1 events):
Event: 0.006 Loaded shared library C:\Users\jrpncodes\.p2\pool\plugins\org.eclipse.justj.openjdk.hotspot.jre.full.win32.x86_64_17.0.6.v20230125-1136\jre\bin\java.dll

Deoptimization events (0 events):
No events

Classes unloaded (0 events):
No events

Classes redefined (0 events):
No events

Internal exceptions (0 events):
No events

VM Operations (0 events):
No events

Events (0 events):
No events


Dynamic libraries:
0x00007ff6c9d30000 - 0x00007ff6c9d3e000 	C:\Users\jrpncodes\.p2\pool\plugins\org.eclipse.justj.openjdk.hotspot.jre.full.win32.x86_64_17.0.6.v20230125-1136\jre\bin\javaw.exe
0x00007ff8b1e30000 - 0x00007ff8b2028000 	C:\WINDOWS\SYSTEM32\ntdll.dll
0x00007ff8b0d70000 - 0x00007ff8b0e2f000 	C:\WINDOWS\System32\KERNEL32.DLL
0x00007ff8afa20000 - 0x00007ff8afcf2000 	C:\WINDOWS\System32\KERNELBASE.dll
0x00007ff8afd70000 - 0x00007ff8afe70000 	C:\WINDOWS\System32\ucrtbase.dll
0x00007ff8aadb0000 - 0x00007ff8aadc7000 	C:\Users\jrpncodes\.p2\pool\plugins\org.eclipse.justj.openjdk.hotspot.jre.full.win32.x86_64_17.0.6.v20230125-1136\jre\bin\jli.dll
0x00007ff8aa570000 - 0x00007ff8aa589000 	C:\Users\jrpncodes\.p2\pool\plugins\org.eclipse.justj.openjdk.hotspot.jre.full.win32.x86_64_17.0.6.v20230125-1136\jre\bin\VCRUNTIME140.dll
0x00007ff8b1c40000 - 0x00007ff8b1de1000 	C:\WINDOWS\System32\USER32.dll
0x00007ff8af9f0000 - 0x00007ff8afa12000 	C:\WINDOWS\System32\win32u.dll
0x00007ff89b0c0000 - 0x00007ff89b35a000 	C:\WINDOWS\WinSxS\amd64_microsoft.windows.common-controls_6595b64144ccf1df_6.0.19041.1110_none_60b5254171f9507e\COMCTL32.dll
0x00007ff8b00b0000 - 0x00007ff8b00db000 	C:\WINDOWS\System32\GDI32.dll
0x00007ff8aff30000 - 0x00007ff8affce000 	C:\WINDOWS\System32\msvcrt.dll
0x00007ff8af550000 - 0x00007ff8af65f000 	C:\WINDOWS\System32\gdi32full.dll
0x00007ff8af950000 - 0x00007ff8af9ed000 	C:\WINDOWS\System32\msvcp_win.dll
0x00007ff8afef0000 - 0x00007ff8aff22000 	C:\WINDOWS\System32\IMM32.DLL
0x00007ff8aad30000 - 0x00007ff8aad3c000 	C:\Users\jrpncodes\.p2\pool\plugins\org.eclipse.justj.openjdk.hotspot.jre.full.win32.x86_64_17.0.6.v20230125-1136\jre\bin\vcruntime140_1.dll
0x00007ff86f2f0000 - 0x00007ff86f381000 	C:\Users\jrpncodes\.p2\pool\plugins\org.eclipse.justj.openjdk.hotspot.jre.full.win32.x86_64_17.0.6.v20230125-1136\jre\bin\msvcp140.dll
0x00007ff86c9d0000 - 0x00007ff86d617000 	C:\Users\jrpncodes\.p2\pool\plugins\org.eclipse.justj.openjdk.hotspot.jre.full.win32.x86_64_17.0.6.v20230125-1136\jre\bin\server\jvm.dll
0x00007ff8b1b90000 - 0x00007ff8b1c3e000 	C:\WINDOWS\System32\ADVAPI32.dll
0x00007ff8b07e0000 - 0x00007ff8b087c000 	C:\WINDOWS\System32\sechost.dll
0x00007ff8b01b0000 - 0x00007ff8b02d5000 	C:\WINDOWS\System32\RPCRT4.dll
0x00007ff8accb0000 - 0x00007ff8accb9000 	C:\WINDOWS\SYSTEM32\WSOCK32.dll
0x00007ff8a8770000 - 0x00007ff8a877a000 	C:\WINDOWS\SYSTEM32\VERSION.dll
0x00007ff8a4df0000 - 0x00007ff8a4e17000 	C:\WINDOWS\SYSTEM32\WINMM.dll
0x00007ff8b0770000 - 0x00007ff8b07db000 	C:\WINDOWS\System32\WS2_32.dll
0x00007ff8ad320000 - 0x00007ff8ad332000 	C:\WINDOWS\SYSTEM32\kernel.appcore.dll
0x00007ff8a7e40000 - 0x00007ff8a7e4a000 	C:\Users\jrpncodes\.p2\pool\plugins\org.eclipse.justj.openjdk.hotspot.jre.full.win32.x86_64_17.0.6.v20230125-1136\jre\bin\jimage.dll
0x00007ff8a84f0000 - 0x00007ff8a86d4000 	C:\WINDOWS\SYSTEM32\DBGHELP.DLL
0x00007ff89d910000 - 0x00007ff89d945000 	C:\WINDOWS\SYSTEM32\dbgcore.DLL
0x00007ff8af660000 - 0x00007ff8af6e2000 	C:\WINDOWS\System32\bcryptPrimitives.dll
0x00007ff897570000 - 0x00007ff897595000 	C:\Users\jrpncodes\.p2\pool\plugins\org.eclipse.justj.openjdk.hotspot.jre.full.win32.x86_64_17.0.6.v20230125-1136\jre\bin\java.dll

dbghelp: loaded successfully - version: 4.0.5 - missing functions: none
symbol engine: initialized successfully - sym options: 0x614 - pdb path: .;C:\Users\jrpncodes\.p2\pool\plugins\org.eclipse.justj.openjdk.hotspot.jre.full.win32.x86_64_17.0.6.v20230125-1136\jre\bin;C:\WINDOWS\SYSTEM32;C:\WINDOWS\WinSxS\amd64_microsoft.windows.common-controls_6595b64144ccf1df_6.0.19041.1110_none_60b5254171f9507e;C:\Users\jrpncodes\.p2\pool\plugins\org.eclipse.justj.openjdk.hotspot.jre.full.win32.x86_64_17.0.6.v20230125-1136\jre\bin\server

VM Arguments:
jvm_args: -Dfile.encoding=UTF-8 -XX:+ShowCodeDetailsInExceptionMessages 
java_command: Main
java_class_path (initial): C:\Users\jrpncodes\eclipse-workspace\AgendaCientifica;C:\Users\jrpncodes\Downloads\mysql-connector-java-5.1.47.jar
Launcher Type: SUN_STANDARD

[Global flags]
     intx CICompilerCount                          = 4                                         {product} {ergonomic}
     uint ConcGCThreads                            = 3                                         {product} {ergonomic}
     uint G1ConcRefinementThreads                  = 10                                        {product} {ergonomic}
   size_t G1HeapRegionSize                         = 2097152                                   {product} {ergonomic}
    uintx GCDrainStackTargetSize                   = 64                                        {product} {ergonomic}
   size_t InitialHeapSize                          = 268435456                                 {product} {ergonomic}
   size_t MarkStackSize                            = 4194304                                   {product} {ergonomic}
   size_t MaxHeapSize                              = 4278190080                                {product} {ergonomic}
   size_t MinHeapDeltaBytes                        = 2097152                                   {product} {ergonomic}
   size_t MinHeapSize                              = 8388608                                   {product} {ergonomic}
    uintx NonNMethodCodeHeapSize                   = 5839372                                {pd product} {ergonomic}
    uintx NonProfiledCodeHeapSize                  = 122909434                              {pd product} {ergonomic}
    uintx ProfiledCodeHeapSize                     = 122909434                              {pd product} {ergonomic}
    uintx ReservedCodeCacheSize                    = 251658240                              {pd product} {ergonomic}
     bool SegmentedCodeCache                       = true                                      {product} {ergonomic}
     bool ShowCodeDetailsInExceptionMessages       = true                                   {manageable} {command line}
   size_t SoftMaxHeapSize                          = 4278190080                             {manageable} {ergonomic}
     bool UseCompressedClassPointers               = true                           {product lp64_product} {ergonomic}
     bool UseCompressedOops                        = true                           {product lp64_product} {ergonomic}
     bool UseG1GC                                  = true                                      {product} {ergonomic}
     bool UseLargePagesIndividualAllocation        = false                                  {pd product} {ergonomic}

Logging:
Log output configuration:
 #0: stdout all=warning uptime,level,tags
 #1: stderr all=off uptime,level,tags

Environment Variables:
JAVA_HOME=C:\Program Files\Microsoft\jdk-11.0.18.10-hotspot
PATH=C:/Users/jrpncodes/.p2/pool/plugins/org.eclipse.justj.openjdk.hotspot.jre.full.win32.x86_64_17.0.6.v20230125-1136/jre/bin/server;C:/Users/jrpncodes/.p2/pool/plugins/org.eclipse.justj.openjdk.hotspot.jre.full.win32.x86_64_17.0.6.v20230125-1136/jre/bin;C:\Program Files\Microsoft\jdk-11.0.18.10-hotspot\bin;C:\WINDOWS\system32;C:\WINDOWS;C:\WINDOWS\System32\Wbem;C:\WINDOWS\System32\WindowsPowerShell\v1.0\;C:\WINDOWS\System32\OpenSSH\;C:\ProgramData\chocolatey\bin;C:\Program Files\nodejs\;C:\Program Files\Git\cmd;C:\Users\jrpncodes\AppData\Local\Android\Sdk\platform-tools;C:\MinGW\bin;C:\Users\jrpncodes\AppData\Local\Programs\Python\Python311\Scripts\;C:\Users\jrpncodes\AppData\Local\Programs\Python\Python311\;C:\Users\jrpncodes\AppData\Local\Microsoft\WindowsApps;C:\Users\jrpncodes\AppData\Roaming\npm;C:\Users\jrpncodes\AppData\Local\Programs\Microsoft VS Code\bin;C:\WINDOWS\System32;
USERNAME=jrpncodes
OS=Windows_NT
PROCESSOR_IDENTIFIER=Intel64 Family 6 Model 165 Stepping 5, GenuineIntel
TMP=C:\Users\JRPNCO~1\AppData\Local\Temp
TEMP=C:\Users\JRPNCO~1\AppData\Local\Temp



---------------  S Y S T E M  ---------------

OS:
 Windows 10 , 64 bit Build 19041 (10.0.19041.2546)
OS uptime: 5 days 9:08 hours

CPU: total 12 (initial active 12) (6 cores per cpu, 2 threads per core) family 6 model 165 stepping 5 microcode 0xe2, cx8, cmov, fxsr, ht, mmx, 3dnowpref, sse, sse2, sse3, ssse3, sse4.1, sse4.2, popcnt, lzcnt, tsc, tscinvbit, avx, avx2, aes, erms, clmul, bmi1, bmi2, adx, fma, vzeroupper, clflush, clflushopt

Memory: 4k page, system-wide physical 16319M (7192M free)
TotalPageFile size 31495M (AvailPageFile size 6M)
current process WorkingSet (physical memory assigned to process): 9M, peak: 9M
current process commit charge ("private bytes"): 13M, peak: 14M

vm_info: OpenJDK 64-Bit Server VM (17.0.6+10) for windows-amd64 JRE (17.0.6+10), built on Jan 18 2023 10:08:59 by "temurin" with MS VC++ 16.7 (VS2019)

END.
