#
# There is insufficient memory for the Java Runtime Environment to continue.
# Native memory allocation (mmap) failed to map 65536 bytes for Failed to commit metaspace.
# Possible reasons:
#   The system is out of physical RAM or swap space
#   The process is running with CompressedOops enabled, and the Java Heap may be blocking the growth of the native heap
# Possible solutions:
#   Reduce memory load on the system
#   Increase physical memory or swap space
#   Check if swap backing store is full
#   Decrease Java heap size (-Xmx/-Xms)
#   Decrease number of Java threads
#   Decrease Java thread stack sizes (-Xss)
#   Set larger code cache with -XX:ReservedCodeCacheSize=
#   JVM is running with Zero Based Compressed Oops mode in which the Java heap is
#     placed in the first 32GB address space. The Java Heap base address is the
#     maximum limit for the native heap growth. Please use -XX:HeapBaseMinAddress
#     to set the Java Heap base and to place the Java Heap above 32GB virtual address.
# This output file may be truncated or incomplete.
#
#  Out of Memory Error (virtualSpaceNode.cpp:110), pid=19228, tid=15124
#
# JRE version: OpenJDK Runtime Environment Temurin-17.0.6+10 (17.0.6+10) (build 17.0.6+10)
# Java VM: OpenJDK 64-Bit Server VM Temurin-17.0.6+10 (17.0.6+10, mixed mode, tiered, compressed oops, compressed class ptrs, g1 gc, windows-amd64)
# No core dump will be written. Minidumps are not enabled by default on client versions of Windows
#

---------------  S U M M A R Y ------------

Command Line: -Dfile.encoding=UTF-8 -XX:+ShowCodeDetailsInExceptionMessages Main

Host: Intel(R) Core(TM) i5-10400F CPU @ 2.90GHz, 12 cores, 15G,  Windows 10 , 64 bit Build 19041 (10.0.19041.2546)
Time: Tue Feb 21 06:34:41 2023 Hora oficial do Brasil elapsed time: 1.322483 seconds (0d 0h 0m 1s)

---------------  T H R E A D  ---------------

Current thread (0x000002ce9cfb98e0):  JavaThread "main" [_thread_in_vm, id=15124, stack(0x000000f1bd500000,0x000000f1bd600000)]

Stack: [0x000000f1bd500000,0x000000f1bd600000]
Native frames: (J=compiled Java code, j=interpreted, Vv=VM code, C=native code)
V  [jvm.dll+0x67741a]
V  [jvm.dll+0x834434]
V  [jvm.dll+0x835bde]
V  [jvm.dll+0x836243]
V  [jvm.dll+0x2457b5]
V  [jvm.dll+0x8304cb]
V  [jvm.dll+0x61bca6]
V  [jvm.dll+0x61bd0a]
V  [jvm.dll+0x61e52a]
V  [jvm.dll+0x61c646]
V  [jvm.dll+0x239e4f]
V  [jvm.dll+0x626445]
V  [jvm.dll+0x1ea42b]
V  [jvm.dll+0x1ea965]
V  [jvm.dll+0x1eb39f]
V  [jvm.dll+0x1e0841]
V  [jvm.dll+0x53c6d0]
V  [jvm.dll+0x1f1017]
V  [jvm.dll+0x7aea1b]
V  [jvm.dll+0x7afdc2]
V  [jvm.dll+0x7b0559]
V  [jvm.dll+0x1eb654]
V  [jvm.dll+0x1e085a]
V  [jvm.dll+0x53c6d0]
V  [jvm.dll+0x1f1017]
V  [jvm.dll+0x7aea1b]
V  [jvm.dll+0x7afdc2]
V  [jvm.dll+0x7b00f8]
V  [jvm.dll+0x23dbbe]
V  [jvm.dll+0x37ecce]
C  0x000002cea7bcb6ee

Java frames: (J=compiled Java code, j=interpreted, Vv=VM code)
j  javax.swing.text.DefaultEditorKit.createDefaultDocument()Ljavax/swing/text/Document;+0 java.desktop@17.0.6
j  javax.swing.plaf.basic.BasicTextUI.installUI(Ljavax/swing/JComponent;)V+151 java.desktop@17.0.6
j  javax.swing.JComponent.setUI(Ljavax/swing/plaf/ComponentUI;)V+52 java.desktop@17.0.6
j  javax.swing.text.JTextComponent.setUI(Ljavax/swing/plaf/TextUI;)V+2 java.desktop@17.0.6
j  javax.swing.text.JTextComponent.updateUI()V+8 java.desktop@17.0.6
j  javax.swing.text.JTextComponent.<init>()V+62 java.desktop@17.0.6
j  javax.swing.JTextField.<init>(Ljavax/swing/text/Document;Ljava/lang/String;I)V+1 java.desktop@17.0.6
j  javax.swing.JTextField.<init>()V+4 java.desktop@17.0.6
j  Main.main([Ljava/lang/String;)V+135
v  ~StubRoutines::call_stub

---------------  P R O C E S S  ---------------

Threads class SMR info:
_java_thread_list=0x000002cebd2499e0, length=18, elements={
0x000002ce9cfb98e0, 0x000002cebc83f900, 0x000002cebc8409f0, 0x000002cebc84c560,
0x000002cebbffe140, 0x000002cebbffeaf0, 0x000002cebc891450, 0x000002cebc89a540,
0x000002cebc89af30, 0x000002cebc8ac0e0, 0x000002cebca01f00, 0x000002cebc9ffd50,
0x000002cebca00220, 0x000002cebca02d70, 0x000002cebca006f0, 0x000002cebca01090,
0x000002cebca01560, 0x000002cebca01a30
}

Java Threads: ( => current thread )
=>0x000002ce9cfb98e0 JavaThread "main" [_thread_in_vm, id=15124, stack(0x000000f1bd500000,0x000000f1bd600000)]
  0x000002cebc83f900 JavaThread "Reference Handler" daemon [_thread_blocked, id=18436, stack(0x000000f1bdc00000,0x000000f1bdd00000)]
  0x000002cebc8409f0 JavaThread "Finalizer" daemon [_thread_blocked, id=15528, stack(0x000000f1bdd00000,0x000000f1bde00000)]
  0x000002cebc84c560 JavaThread "Signal Dispatcher" daemon [_thread_blocked, id=18932, stack(0x000000f1bde00000,0x000000f1bdf00000)]
  0x000002cebbffe140 JavaThread "Attach Listener" daemon [_thread_blocked, id=13792, stack(0x000000f1bdf00000,0x000000f1be000000)]
  0x000002cebbffeaf0 JavaThread "Service Thread" daemon [_thread_blocked, id=15036, stack(0x000000f1be000000,0x000000f1be100000)]
  0x000002cebc891450 JavaThread "Monitor Deflation Thread" daemon [_thread_blocked, id=15820, stack(0x000000f1be100000,0x000000f1be200000)]
  0x000002cebc89a540 JavaThread "C2 CompilerThread0" daemon [_thread_blocked, id=11180, stack(0x000000f1be200000,0x000000f1be300000)]
  0x000002cebc89af30 JavaThread "C1 CompilerThread0" daemon [_thread_blocked, id=15856, stack(0x000000f1be300000,0x000000f1be400000)]
  0x000002cebc8ac0e0 JavaThread "Sweeper thread" daemon [_thread_blocked, id=8692, stack(0x000000f1be400000,0x000000f1be500000)]
  0x000002cebca01f00 JavaThread "Notification Thread" daemon [_thread_blocked, id=9808, stack(0x000000f1be500000,0x000000f1be600000)]
  0x000002cebc9ffd50 JavaThread "Common-Cleaner" daemon [_thread_blocked, id=13508, stack(0x000000f1be700000,0x000000f1be800000)]
  0x000002cebca00220 JavaThread "Abandoned connection cleanup thread" daemon [_thread_blocked, id=10772, stack(0x000000f1be800000,0x000000f1be900000)]
  0x000002cebca02d70 JavaThread "Java2D Disposer" daemon [_thread_blocked, id=1460, stack(0x000000f1be900000,0x000000f1bea00000)]
  0x000002cebca006f0 JavaThread "AWT-Shutdown" [_thread_blocked, id=5284, stack(0x000000f1bea00000,0x000000f1beb00000)]
  0x000002cebca01090 JavaThread "AWT-Windows" daemon [_thread_in_native, id=5988, stack(0x000000f1beb00000,0x000000f1bec00000)]
  0x000002cebca01560 JavaThread "Image Fetcher 0" daemon [_thread_blocked, id=5104, stack(0x000000f1bec00000,0x000000f1bed00000)]
  0x000002cebca01a30 JavaThread "AWT-EventQueue-0" [_thread_blocked, id=5840, stack(0x000000f1bef00000,0x000000f1bf000000)]

Other Threads:
  0x000002cebbfeefb0 VMThread "VM Thread" [stack: 0x000000f1bdb00000,0x000000f1bdc00000] [id=16880]
  0x000002cebca04120 WatcherThread [stack: 0x000000f1be600000,0x000000f1be700000] [id=16860]
  0x000002ce9d0262b0 GCTaskThread "GC Thread#0" [stack: 0x000000f1bd600000,0x000000f1bd700000] [id=17096]
  0x000002ce9d037890 ConcurrentGCThread "G1 Main Marker" [stack: 0x000000f1bd700000,0x000000f1bd800000] [id=8484]
  0x000002ce9d03b2d0 ConcurrentGCThread "G1 Conc#0" [stack: 0x000000f1bd800000,0x000000f1bd900000] [id=8252]
  0x000002ce9d08d510 ConcurrentGCThread "G1 Refine#0" [stack: 0x000000f1bd900000,0x000000f1bda00000] [id=8236]
  0x000002ce9d08df30 ConcurrentGCThread "G1 Service" [stack: 0x000000f1bda00000,0x000000f1bdb00000] [id=13620]

Threads with active compile tasks:

VM state: not at safepoint (normal execution)

VM Mutex/Monitor currently owned by a thread:  ([mutex/lock_event])
[0x000002ce9cfb3260] Metaspace_lock - owner thread: 0x000002ce9cfb98e0

Heap address: 0x0000000701000000, size: 4080 MB, Compressed Oops mode: Zero based, Oop shift amount: 3

CDS archive(s) not mapped
Compressed class space mapped at: 0x0000000800000000-0x0000000840000000, reserved size: 1073741824
Narrow klass base: 0x0000000800000000, Narrow klass shift: 0, Narrow klass range: 0x40000000

GC Precious Log:
 CPUs: 12 total, 12 available
 Memory: 16319M
 Large Page Support: Disabled
 NUMA Support: Disabled
 Compressed Oops: Enabled (Zero based)
 Heap Region Size: 2M
 Heap Min Capacity: 8M
 Heap Initial Capacity: 256M
 Heap Max Capacity: 4080M
 Pre-touch: Disabled
 Parallel Workers: 10
 Concurrent Workers: 3
 Concurrent Refinement Workers: 10
 Periodic GC: Disabled

Heap:
 garbage-first heap   total 262144K, used 12288K [0x0000000701000000, 0x0000000800000000)
  region size 2048K, 7 young (14336K), 0 survivors (0K)
 Metaspace       used 18627K, committed 18816K, reserved 1073152K
  class space    used 1847K, committed 1984K, reserved 1048576K

Heap Regions: E=young(eden), S=young(survivor), O=old, HS=humongous(starts), HC=humongous(continues), CS=collection set, F=free, OA=open archive, CA=closed archive, TAMS=top-at-mark-start (previous, next)
|   0|0x0000000701000000, 0x0000000701000000, 0x0000000701200000|  0%| F|  |TAMS 0x0000000701000000, 0x0000000701000000| Untracked 
|   1|0x0000000701200000, 0x0000000701200000, 0x0000000701400000|  0%| F|  |TAMS 0x0000000701200000, 0x0000000701200000| Untracked 
|   2|0x0000000701400000, 0x0000000701400000, 0x0000000701600000|  0%| F|  |TAMS 0x0000000701400000, 0x0000000701400000| Untracked 
|   3|0x0000000701600000, 0x0000000701600000, 0x0000000701800000|  0%| F|  |TAMS 0x0000000701600000, 0x0000000701600000| Untracked 
|   4|0x0000000701800000, 0x0000000701800000, 0x0000000701a00000|  0%| F|  |TAMS 0x0000000701800000, 0x0000000701800000| Untracked 
|   5|0x0000000701a00000, 0x0000000701a00000, 0x0000000701c00000|  0%| F|  |TAMS 0x0000000701a00000, 0x0000000701a00000| Untracked 
|   6|0x0000000701c00000, 0x0000000701c00000, 0x0000000701e00000|  0%| F|  |TAMS 0x0000000701c00000, 0x0000000701c00000| Untracked 
|   7|0x0000000701e00000, 0x0000000701e00000, 0x0000000702000000|  0%| F|  |TAMS 0x0000000701e00000, 0x0000000701e00000| Untracked 
|   8|0x0000000702000000, 0x0000000702000000, 0x0000000702200000|  0%| F|  |TAMS 0x0000000702000000, 0x0000000702000000| Untracked 
|   9|0x0000000702200000, 0x0000000702200000, 0x0000000702400000|  0%| F|  |TAMS 0x0000000702200000, 0x0000000702200000| Untracked 
|  10|0x0000000702400000, 0x0000000702400000, 0x0000000702600000|  0%| F|  |TAMS 0x0000000702400000, 0x0000000702400000| Untracked 
|  11|0x0000000702600000, 0x0000000702600000, 0x0000000702800000|  0%| F|  |TAMS 0x0000000702600000, 0x0000000702600000| Untracked 
|  12|0x0000000702800000, 0x0000000702800000, 0x0000000702a00000|  0%| F|  |TAMS 0x0000000702800000, 0x0000000702800000| Untracked 
|  13|0x0000000702a00000, 0x0000000702a00000, 0x0000000702c00000|  0%| F|  |TAMS 0x0000000702a00000, 0x0000000702a00000| Untracked 
|  14|0x0000000702c00000, 0x0000000702c00000, 0x0000000702e00000|  0%| F|  |TAMS 0x0000000702c00000, 0x0000000702c00000| Untracked 
|  15|0x0000000702e00000, 0x0000000702e00000, 0x0000000703000000|  0%| F|  |TAMS 0x0000000702e00000, 0x0000000702e00000| Untracked 
|  16|0x0000000703000000, 0x0000000703000000, 0x0000000703200000|  0%| F|  |TAMS 0x0000000703000000, 0x0000000703000000| Untracked 
|  17|0x0000000703200000, 0x0000000703200000, 0x0000000703400000|  0%| F|  |TAMS 0x0000000703200000, 0x0000000703200000| Untracked 
|  18|0x0000000703400000, 0x0000000703400000, 0x0000000703600000|  0%| F|  |TAMS 0x0000000703400000, 0x0000000703400000| Untracked 
|  19|0x0000000703600000, 0x0000000703600000, 0x0000000703800000|  0%| F|  |TAMS 0x0000000703600000, 0x0000000703600000| Untracked 
|  20|0x0000000703800000, 0x0000000703800000, 0x0000000703a00000|  0%| F|  |TAMS 0x0000000703800000, 0x0000000703800000| Untracked 
|  21|0x0000000703a00000, 0x0000000703a00000, 0x0000000703c00000|  0%| F|  |TAMS 0x0000000703a00000, 0x0000000703a00000| Untracked 
|  22|0x0000000703c00000, 0x0000000703c00000, 0x0000000703e00000|  0%| F|  |TAMS 0x0000000703c00000, 0x0000000703c00000| Untracked 
|  23|0x0000000703e00000, 0x0000000703e00000, 0x0000000704000000|  0%| F|  |TAMS 0x0000000703e00000, 0x0000000703e00000| Untracked 
|  24|0x0000000704000000, 0x0000000704000000, 0x0000000704200000|  0%| F|  |TAMS 0x0000000704000000, 0x0000000704000000| Untracked 
|  25|0x0000000704200000, 0x0000000704200000, 0x0000000704400000|  0%| F|  |TAMS 0x0000000704200000, 0x0000000704200000| Untracked 
|  26|0x0000000704400000, 0x0000000704400000, 0x0000000704600000|  0%| F|  |TAMS 0x0000000704400000, 0x0000000704400000| Untracked 
|  27|0x0000000704600000, 0x0000000704600000, 0x0000000704800000|  0%| F|  |TAMS 0x0000000704600000, 0x0000000704600000| Untracked 
|  28|0x0000000704800000, 0x0000000704800000, 0x0000000704a00000|  0%| F|  |TAMS 0x0000000704800000, 0x0000000704800000| Untracked 
|  29|0x0000000704a00000, 0x0000000704a00000, 0x0000000704c00000|  0%| F|  |TAMS 0x0000000704a00000, 0x0000000704a00000| Untracked 
|  30|0x0000000704c00000, 0x0000000704c00000, 0x0000000704e00000|  0%| F|  |TAMS 0x0000000704c00000, 0x0000000704c00000| Untracked 
|  31|0x0000000704e00000, 0x0000000704e00000, 0x0000000705000000|  0%| F|  |TAMS 0x0000000704e00000, 0x0000000704e00000| Untracked 
|  32|0x0000000705000000, 0x0000000705000000, 0x0000000705200000|  0%| F|  |TAMS 0x0000000705000000, 0x0000000705000000| Untracked 
|  33|0x0000000705200000, 0x0000000705200000, 0x0000000705400000|  0%| F|  |TAMS 0x0000000705200000, 0x0000000705200000| Untracked 
|  34|0x0000000705400000, 0x0000000705400000, 0x0000000705600000|  0%| F|  |TAMS 0x0000000705400000, 0x0000000705400000| Untracked 
|  35|0x0000000705600000, 0x0000000705600000, 0x0000000705800000|  0%| F|  |TAMS 0x0000000705600000, 0x0000000705600000| Untracked 
|  36|0x0000000705800000, 0x0000000705800000, 0x0000000705a00000|  0%| F|  |TAMS 0x0000000705800000, 0x0000000705800000| Untracked 
|  37|0x0000000705a00000, 0x0000000705a00000, 0x0000000705c00000|  0%| F|  |TAMS 0x0000000705a00000, 0x0000000705a00000| Untracked 
|  38|0x0000000705c00000, 0x0000000705c00000, 0x0000000705e00000|  0%| F|  |TAMS 0x0000000705c00000, 0x0000000705c00000| Untracked 
|  39|0x0000000705e00000, 0x0000000705e00000, 0x0000000706000000|  0%| F|  |TAMS 0x0000000705e00000, 0x0000000705e00000| Untracked 
|  40|0x0000000706000000, 0x0000000706000000, 0x0000000706200000|  0%| F|  |TAMS 0x0000000706000000, 0x0000000706000000| Untracked 
|  41|0x0000000706200000, 0x0000000706200000, 0x0000000706400000|  0%| F|  |TAMS 0x0000000706200000, 0x0000000706200000| Untracked 
|  42|0x0000000706400000, 0x0000000706400000, 0x0000000706600000|  0%| F|  |TAMS 0x0000000706400000, 0x0000000706400000| Untracked 
|  43|0x0000000706600000, 0x0000000706600000, 0x0000000706800000|  0%| F|  |TAMS 0x0000000706600000, 0x0000000706600000| Untracked 
|  44|0x0000000706800000, 0x0000000706800000, 0x0000000706a00000|  0%| F|  |TAMS 0x0000000706800000, 0x0000000706800000| Untracked 
|  45|0x0000000706a00000, 0x0000000706a00000, 0x0000000706c00000|  0%| F|  |TAMS 0x0000000706a00000, 0x0000000706a00000| Untracked 
|  46|0x0000000706c00000, 0x0000000706c00000, 0x0000000706e00000|  0%| F|  |TAMS 0x0000000706c00000, 0x0000000706c00000| Untracked 
|  47|0x0000000706e00000, 0x0000000706e00000, 0x0000000707000000|  0%| F|  |TAMS 0x0000000706e00000, 0x0000000706e00000| Untracked 
|  48|0x0000000707000000, 0x0000000707000000, 0x0000000707200000|  0%| F|  |TAMS 0x0000000707000000, 0x0000000707000000| Untracked 
|  49|0x0000000707200000, 0x0000000707200000, 0x0000000707400000|  0%| F|  |TAMS 0x0000000707200000, 0x0000000707200000| Untracked 
|  50|0x0000000707400000, 0x0000000707400000, 0x0000000707600000|  0%| F|  |TAMS 0x0000000707400000, 0x0000000707400000| Untracked 
|  51|0x0000000707600000, 0x0000000707600000, 0x0000000707800000|  0%| F|  |TAMS 0x0000000707600000, 0x0000000707600000| Untracked 
|  52|0x0000000707800000, 0x0000000707800000, 0x0000000707a00000|  0%| F|  |TAMS 0x0000000707800000, 0x0000000707800000| Untracked 
|  53|0x0000000707a00000, 0x0000000707a00000, 0x0000000707c00000|  0%| F|  |TAMS 0x0000000707a00000, 0x0000000707a00000| Untracked 
|  54|0x0000000707c00000, 0x0000000707c00000, 0x0000000707e00000|  0%| F|  |TAMS 0x0000000707c00000, 0x0000000707c00000| Untracked 
|  55|0x0000000707e00000, 0x0000000707e00000, 0x0000000708000000|  0%| F|  |TAMS 0x0000000707e00000, 0x0000000707e00000| Untracked 
|  56|0x0000000708000000, 0x0000000708000000, 0x0000000708200000|  0%| F|  |TAMS 0x0000000708000000, 0x0000000708000000| Untracked 
|  57|0x0000000708200000, 0x0000000708200000, 0x0000000708400000|  0%| F|  |TAMS 0x0000000708200000, 0x0000000708200000| Untracked 
|  58|0x0000000708400000, 0x0000000708400000, 0x0000000708600000|  0%| F|  |TAMS 0x0000000708400000, 0x0000000708400000| Untracked 
|  59|0x0000000708600000, 0x0000000708600000, 0x0000000708800000|  0%| F|  |TAMS 0x0000000708600000, 0x0000000708600000| Untracked 
|  60|0x0000000708800000, 0x0000000708800000, 0x0000000708a00000|  0%| F|  |TAMS 0x0000000708800000, 0x0000000708800000| Untracked 
|  61|0x0000000708a00000, 0x0000000708a00000, 0x0000000708c00000|  0%| F|  |TAMS 0x0000000708a00000, 0x0000000708a00000| Untracked 
|  62|0x0000000708c00000, 0x0000000708c00000, 0x0000000708e00000|  0%| F|  |TAMS 0x0000000708c00000, 0x0000000708c00000| Untracked 
|  63|0x0000000708e00000, 0x0000000708e00000, 0x0000000709000000|  0%| F|  |TAMS 0x0000000708e00000, 0x0000000708e00000| Untracked 
|  64|0x0000000709000000, 0x0000000709000000, 0x0000000709200000|  0%| F|  |TAMS 0x0000000709000000, 0x0000000709000000| Untracked 
|  65|0x0000000709200000, 0x0000000709200000, 0x0000000709400000|  0%| F|  |TAMS 0x0000000709200000, 0x0000000709200000| Untracked 
|  66|0x0000000709400000, 0x0000000709400000, 0x0000000709600000|  0%| F|  |TAMS 0x0000000709400000, 0x0000000709400000| Untracked 
|  67|0x0000000709600000, 0x0000000709600000, 0x0000000709800000|  0%| F|  |TAMS 0x0000000709600000, 0x0000000709600000| Untracked 
|  68|0x0000000709800000, 0x0000000709800000, 0x0000000709a00000|  0%| F|  |TAMS 0x0000000709800000, 0x0000000709800000| Untracked 
|  69|0x0000000709a00000, 0x0000000709a00000, 0x0000000709c00000|  0%| F|  |TAMS 0x0000000709a00000, 0x0000000709a00000| Untracked 
|  70|0x0000000709c00000, 0x0000000709c00000, 0x0000000709e00000|  0%| F|  |TAMS 0x0000000709c00000, 0x0000000709c00000| Untracked 
|  71|0x0000000709e00000, 0x0000000709e00000, 0x000000070a000000|  0%| F|  |TAMS 0x0000000709e00000, 0x0000000709e00000| Untracked 
|  72|0x000000070a000000, 0x000000070a000000, 0x000000070a200000|  0%| F|  |TAMS 0x000000070a000000, 0x000000070a000000| Untracked 
|  73|0x000000070a200000, 0x000000070a200000, 0x000000070a400000|  0%| F|  |TAMS 0x000000070a200000, 0x000000070a200000| Untracked 
|  74|0x000000070a400000, 0x000000070a400000, 0x000000070a600000|  0%| F|  |TAMS 0x000000070a400000, 0x000000070a400000| Untracked 
|  75|0x000000070a600000, 0x000000070a600000, 0x000000070a800000|  0%| F|  |TAMS 0x000000070a600000, 0x000000070a600000| Untracked 
|  76|0x000000070a800000, 0x000000070a800000, 0x000000070aa00000|  0%| F|  |TAMS 0x000000070a800000, 0x000000070a800000| Untracked 
|  77|0x000000070aa00000, 0x000000070aa00000, 0x000000070ac00000|  0%| F|  |TAMS 0x000000070aa00000, 0x000000070aa00000| Untracked 
|  78|0x000000070ac00000, 0x000000070ac00000, 0x000000070ae00000|  0%| F|  |TAMS 0x000000070ac00000, 0x000000070ac00000| Untracked 
|  79|0x000000070ae00000, 0x000000070ae00000, 0x000000070b000000|  0%| F|  |TAMS 0x000000070ae00000, 0x000000070ae00000| Untracked 
|  80|0x000000070b000000, 0x000000070b000000, 0x000000070b200000|  0%| F|  |TAMS 0x000000070b000000, 0x000000070b000000| Untracked 
|  81|0x000000070b200000, 0x000000070b200000, 0x000000070b400000|  0%| F|  |TAMS 0x000000070b200000, 0x000000070b200000| Untracked 
|  82|0x000000070b400000, 0x000000070b400000, 0x000000070b600000|  0%| F|  |TAMS 0x000000070b400000, 0x000000070b400000| Untracked 
|  83|0x000000070b600000, 0x000000070b600000, 0x000000070b800000|  0%| F|  |TAMS 0x000000070b600000, 0x000000070b600000| Untracked 
|  84|0x000000070b800000, 0x000000070b800000, 0x000000070ba00000|  0%| F|  |TAMS 0x000000070b800000, 0x000000070b800000| Untracked 
|  85|0x000000070ba00000, 0x000000070ba00000, 0x000000070bc00000|  0%| F|  |TAMS 0x000000070ba00000, 0x000000070ba00000| Untracked 
|  86|0x000000070bc00000, 0x000000070bc00000, 0x000000070be00000|  0%| F|  |TAMS 0x000000070bc00000, 0x000000070bc00000| Untracked 
|  87|0x000000070be00000, 0x000000070be00000, 0x000000070c000000|  0%| F|  |TAMS 0x000000070be00000, 0x000000070be00000| Untracked 
|  88|0x000000070c000000, 0x000000070c000000, 0x000000070c200000|  0%| F|  |TAMS 0x000000070c000000, 0x000000070c000000| Untracked 
|  89|0x000000070c200000, 0x000000070c200000, 0x000000070c400000|  0%| F|  |TAMS 0x000000070c200000, 0x000000070c200000| Untracked 
|  90|0x000000070c400000, 0x000000070c400000, 0x000000070c600000|  0%| F|  |TAMS 0x000000070c400000, 0x000000070c400000| Untracked 
|  91|0x000000070c600000, 0x000000070c600000, 0x000000070c800000|  0%| F|  |TAMS 0x000000070c600000, 0x000000070c600000| Untracked 
|  92|0x000000070c800000, 0x000000070c800000, 0x000000070ca00000|  0%| F|  |TAMS 0x000000070c800000, 0x000000070c800000| Untracked 
|  93|0x000000070ca00000, 0x000000070ca00000, 0x000000070cc00000|  0%| F|  |TAMS 0x000000070ca00000, 0x000000070ca00000| Untracked 
|  94|0x000000070cc00000, 0x000000070cc00000, 0x000000070ce00000|  0%| F|  |TAMS 0x000000070cc00000, 0x000000070cc00000| Untracked 
|  95|0x000000070ce00000, 0x000000070ce00000, 0x000000070d000000|  0%| F|  |TAMS 0x000000070ce00000, 0x000000070ce00000| Untracked 
|  96|0x000000070d000000, 0x000000070d000000, 0x000000070d200000|  0%| F|  |TAMS 0x000000070d000000, 0x000000070d000000| Untracked 
|  97|0x000000070d200000, 0x000000070d200000, 0x000000070d400000|  0%| F|  |TAMS 0x000000070d200000, 0x000000070d200000| Untracked 
|  98|0x000000070d400000, 0x000000070d400000, 0x000000070d600000|  0%| F|  |TAMS 0x000000070d400000, 0x000000070d400000| Untracked 
|  99|0x000000070d600000, 0x000000070d600000, 0x000000070d800000|  0%| F|  |TAMS 0x000000070d600000, 0x000000070d600000| Untracked 
| 100|0x000000070d800000, 0x000000070d800000, 0x000000070da00000|  0%| F|  |TAMS 0x000000070d800000, 0x000000070d800000| Untracked 
| 101|0x000000070da00000, 0x000000070da00000, 0x000000070dc00000|  0%| F|  |TAMS 0x000000070da00000, 0x000000070da00000| Untracked 
| 102|0x000000070dc00000, 0x000000070dc00000, 0x000000070de00000|  0%| F|  |TAMS 0x000000070dc00000, 0x000000070dc00000| Untracked 
| 103|0x000000070de00000, 0x000000070de00000, 0x000000070e000000|  0%| F|  |TAMS 0x000000070de00000, 0x000000070de00000| Untracked 
| 104|0x000000070e000000, 0x000000070e000000, 0x000000070e200000|  0%| F|  |TAMS 0x000000070e000000, 0x000000070e000000| Untracked 
| 105|0x000000070e200000, 0x000000070e200000, 0x000000070e400000|  0%| F|  |TAMS 0x000000070e200000, 0x000000070e200000| Untracked 
| 106|0x000000070e400000, 0x000000070e400000, 0x000000070e600000|  0%| F|  |TAMS 0x000000070e400000, 0x000000070e400000| Untracked 
| 107|0x000000070e600000, 0x000000070e600000, 0x000000070e800000|  0%| F|  |TAMS 0x000000070e600000, 0x000000070e600000| Untracked 
| 108|0x000000070e800000, 0x000000070e800000, 0x000000070ea00000|  0%| F|  |TAMS 0x000000070e800000, 0x000000070e800000| Untracked 
| 109|0x000000070ea00000, 0x000000070ea00000, 0x000000070ec00000|  0%| F|  |TAMS 0x000000070ea00000, 0x000000070ea00000| Untracked 
| 110|0x000000070ec00000, 0x000000070ec00000, 0x000000070ee00000|  0%| F|  |TAMS 0x000000070ec00000, 0x000000070ec00000| Untracked 
| 111|0x000000070ee00000, 0x000000070ee00000, 0x000000070f000000|  0%| F|  |TAMS 0x000000070ee00000, 0x000000070ee00000| Untracked 
| 112|0x000000070f000000, 0x000000070f000000, 0x000000070f200000|  0%| F|  |TAMS 0x000000070f000000, 0x000000070f000000| Untracked 
| 113|0x000000070f200000, 0x000000070f200000, 0x000000070f400000|  0%| F|  |TAMS 0x000000070f200000, 0x000000070f200000| Untracked 
| 114|0x000000070f400000, 0x000000070f400000, 0x000000070f600000|  0%| F|  |TAMS 0x000000070f400000, 0x000000070f400000| Untracked 
| 115|0x000000070f600000, 0x000000070f600000, 0x000000070f800000|  0%| F|  |TAMS 0x000000070f600000, 0x000000070f600000| Untracked 
| 116|0x000000070f800000, 0x000000070f800000, 0x000000070fa00000|  0%| F|  |TAMS 0x000000070f800000, 0x000000070f800000| Untracked 
| 117|0x000000070fa00000, 0x000000070fa00000, 0x000000070fc00000|  0%| F|  |TAMS 0x000000070fa00000, 0x000000070fa00000| Untracked 
| 118|0x000000070fc00000, 0x000000070fc00000, 0x000000070fe00000|  0%| F|  |TAMS 0x000000070fc00000, 0x000000070fc00000| Untracked 
| 119|0x000000070fe00000, 0x000000070fe00000, 0x0000000710000000|  0%| F|  |TAMS 0x000000070fe00000, 0x000000070fe00000| Untracked 
| 120|0x0000000710000000, 0x0000000710000000, 0x0000000710200000|  0%| F|  |TAMS 0x0000000710000000, 0x0000000710000000| Untracked 
| 121|0x0000000710200000, 0x0000000710352760, 0x0000000710400000| 66%| E|  |TAMS 0x0000000710200000, 0x0000000710200000| Complete 
| 122|0x0000000710400000, 0x0000000710600000, 0x0000000710600000|100%| E|CS|TAMS 0x0000000710400000, 0x0000000710400000| Complete 
| 123|0x0000000710600000, 0x0000000710800000, 0x0000000710800000|100%| E|CS|TAMS 0x0000000710600000, 0x0000000710600000| Complete 
| 124|0x0000000710800000, 0x0000000710a00000, 0x0000000710a00000|100%| E|CS|TAMS 0x0000000710800000, 0x0000000710800000| Complete 
| 125|0x0000000710a00000, 0x0000000710c00000, 0x0000000710c00000|100%| E|CS|TAMS 0x0000000710a00000, 0x0000000710a00000| Complete 
| 126|0x0000000710c00000, 0x0000000710e00000, 0x0000000710e00000|100%| E|CS|TAMS 0x0000000710c00000, 0x0000000710c00000| Complete 
| 127|0x0000000710e00000, 0x0000000711000000, 0x0000000711000000|100%| E|CS|TAMS 0x0000000710e00000, 0x0000000710e00000| Complete 

Card table byte_map: [0x000002ceb03d0000,0x000002ceb0bd0000] _byte_map_base: 0x000002ceacbc8000

Marking Bits (Prev, Next): (CMBitMap*) 0x000002ce9d0268c0, (CMBitMap*) 0x000002ce9d026900
 Prev Bits: [0x000002ceb13d0000, 0x000002ceb5390000)
 Next Bits: [0x000002ceb5390000, 0x000002ceb9350000)

Polling page: 0x000002ce9af30000

Metaspace:

Usage:
  Non-class:     16.39 MB used.
      Class:      1.80 MB used.
       Both:     18.19 MB used.

Virtual space:
  Non-class space:       24.00 MB reserved,      16.44 MB ( 68%) committed,  3 nodes.
      Class space:        1.00 GB reserved,       1.94 MB ( <1%) committed,  1 nodes.
             Both:        1.02 GB reserved,      18.38 MB (  2%) committed. 

Chunk freelists:
   Non-Class:  3.00 MB
       Class:  2.11 MB
        Both:  5.11 MB

MaxMetaspaceSize: unlimited
CompressedClassSpaceSize: 1.00 GB
Initial GC threshold: 21.00 MB
Current GC threshold: 21.00 MB
CDS: off
MetaspaceReclaimPolicy: balanced
 - commit_granule_bytes: 65536.
 - commit_granule_words: 8192.
 - virtual_space_node_default_size: 1048576.
 - enlarge_chunks_in_place: 1.
 - new_chunks_are_fully_committed: 0.
 - uncommit_free_chunks: 1.
 - use_allocation_guard: 0.
 - handle_deallocations: 1.


Internal statistics:

num_allocs_failed_limit: 0.
num_arena_births: 136.
num_arena_deaths: 0.
num_vsnodes_births: 4.
num_vsnodes_deaths: 0.
num_space_committed: 294.
num_space_uncommitted: 0.
num_chunks_returned_to_freelist: 0.
num_chunks_taken_from_freelist: 324.
num_chunk_merges: 0.
num_chunk_splits: 180.
num_chunks_enlarged: 91.
num_purges: 0.
num_inconsistent_stats: 0.

CodeHeap 'non-profiled nmethods': size=120000Kb used=336Kb max_used=336Kb free=119664Kb
 bounds [0x000002cea8150000, 0x000002cea83c0000, 0x000002ceaf680000]
CodeHeap 'profiled nmethods': size=120000Kb used=1742Kb max_used=1742Kb free=118257Kb
 bounds [0x000002cea0680000, 0x000002cea08f0000, 0x000002cea7bb0000]
CodeHeap 'non-nmethods': size=5760Kb used=1319Kb max_used=1331Kb free=4440Kb
 bounds [0x000002cea7bb0000, 0x000002cea7e20000, 0x000002cea8150000]
 total_blobs=1745 nmethods=1085 adapters=573
 compilation: enabled
              stopped_count=0, restarted_count=0
 full_count=0

Compilation events (20 events):
Event: 1.303 Thread 0x000002cebc89af30 1077       3       sun.util.locale.InternalLocaleBuilder::setExtensions (206 bytes)
Event: 1.305 Thread 0x000002cebc89af30 nmethod 1077 0x000002cea082b290 code [0x000002cea082b780, 0x000002cea082e158]
Event: 1.305 Thread 0x000002cebc89af30 1078       3       sun.util.locale.LocaleUtils::isEmpty (19 bytes)
Event: 1.305 Thread 0x000002cebc89af30 nmethod 1078 0x000002cea082ef10 code [0x000002cea082f0c0, 0x000002cea082f308]
Event: 1.305 Thread 0x000002cebc89af30 1079       3       sun.util.locale.InternalLocaleBuilder::getBaseLocale (187 bytes)
Event: 1.306 Thread 0x000002cebc89af30 nmethod 1079 0x000002cea082f410 code [0x000002cea082f720, 0x000002cea0830658]
Event: 1.306 Thread 0x000002cebc89af30 1080       3       sun.util.locale.InternalLocaleBuilder::getLocaleExtensions (65 bytes)
Event: 1.306 Thread 0x000002cebc89af30 nmethod 1080 0x000002cea0830c90 code [0x000002cea0830ec0, 0x000002cea0831728]
Event: 1.306 Thread 0x000002cebc89af30 1081       3       sun.util.locale.LocaleUtils::isEmpty (19 bytes)
Event: 1.306 Thread 0x000002cebc89af30 nmethod 1081 0x000002cea0831910 code [0x000002cea0831ac0, 0x000002cea0831d08]
Event: 1.306 Thread 0x000002cebc89af30 1070       3       java.util.IdentityHashMap::maskNull (12 bytes)
Event: 1.306 Thread 0x000002cebc89af30 nmethod 1070 0x000002cea0831e10 code [0x000002cea0831fa0, 0x000002cea08320d8]
Event: 1.306 Thread 0x000002cebc89af30 1071       3       java.util.IdentityHashMap::hash (18 bytes)
Event: 1.306 Thread 0x000002cebc89af30 nmethod 1071 0x000002cea0832190 code [0x000002cea0832320, 0x000002cea0832448]
Event: 1.313 Thread 0x000002cebc89af30 1083   !   3       javax.swing.UIDefaults::getFromResourceBundle (69 bytes)
Event: 1.314 Thread 0x000002cebc89af30 nmethod 1083 0x000002cea0832510 code [0x000002cea0832700, 0x000002cea0832e18]
Event: 1.314 Thread 0x000002cebc89af30 1084       3       java.lang.invoke.ConstantCallSite::getTarget (20 bytes)
Event: 1.314 Thread 0x000002cebc89af30 nmethod 1084 0x000002cea0833010 code [0x000002cea08331c0, 0x000002cea08333c8]
Event: 1.314 Thread 0x000002cebc89af30 1085       3       javax.swing.UIManager::getDefaults (10 bytes)
Event: 1.314 Thread 0x000002cebc89af30 nmethod 1085 0x000002cea0833490 code [0x000002cea0833640, 0x000002cea0833778]

GC Heap History (0 events):
No events

Dll operation events (9 events):
Event: 0.006 Loaded shared library C:\Users\jrpncodes\.p2\pool\plugins\org.eclipse.justj.openjdk.hotspot.jre.full.win32.x86_64_17.0.6.v20230125-1136\jre\bin\java.dll
Event: 0.118 Loaded shared library C:\Users\jrpncodes\.p2\pool\plugins\org.eclipse.justj.openjdk.hotspot.jre.full.win32.x86_64_17.0.6.v20230125-1136\jre\bin\jimage.dll
Event: 0.140 Loaded shared library C:\Users\jrpncodes\.p2\pool\plugins\org.eclipse.justj.openjdk.hotspot.jre.full.win32.x86_64_17.0.6.v20230125-1136\jre\bin\zip.dll
Event: 0.149 Loaded shared library C:\Users\jrpncodes\.p2\pool\plugins\org.eclipse.justj.openjdk.hotspot.jre.full.win32.x86_64_17.0.6.v20230125-1136\jre\bin\net.dll
Event: 0.150 Loaded shared library C:\Users\jrpncodes\.p2\pool\plugins\org.eclipse.justj.openjdk.hotspot.jre.full.win32.x86_64_17.0.6.v20230125-1136\jre\bin\nio.dll
Event: 0.163 Loaded shared library C:\Users\jrpncodes\.p2\pool\plugins\org.eclipse.justj.openjdk.hotspot.jre.full.win32.x86_64_17.0.6.v20230125-1136\jre\bin\verify.dll
Event: 0.524 Loaded shared library C:\Users\jrpncodes\.p2\pool\plugins\org.eclipse.justj.openjdk.hotspot.jre.full.win32.x86_64_17.0.6.v20230125-1136\jre\bin\awt.dll
Event: 0.668 Loaded shared library C:\Users\jrpncodes\.p2\pool\plugins\org.eclipse.justj.openjdk.hotspot.jre.full.win32.x86_64_17.0.6.v20230125-1136\jre\bin\freetype.dll
Event: 0.669 Loaded shared library C:\Users\jrpncodes\.p2\pool\plugins\org.eclipse.justj.openjdk.hotspot.jre.full.win32.x86_64_17.0.6.v20230125-1136\jre\bin\fontmanager.dll

Deoptimization events (18 events):
Event: 0.421 Thread 0x000002ce9cfb98e0 DEOPT PACKING pc=0x000002cea06ccb90 sp=0x000000f1bd5fc460
Event: 0.421 Thread 0x000002ce9cfb98e0 DEOPT UNPACKING pc=0x000002cea7c07143 sp=0x000000f1bd5fb948 mode 0
Event: 0.678 Thread 0x000002ce9cfb98e0 Uncommon trap: trap_request=0xffffff45 fr.pc=0x000002cea81697e0 relative=0x0000000000000360
Event: 0.678 Thread 0x000002ce9cfb98e0 Uncommon trap: reason=unstable_if action=reinterpret pc=0x000002cea81697e0 method=java.lang.StringUTF16.compress([CI[BII)I @ 20 c2
Event: 0.678 Thread 0x000002ce9cfb98e0 DEOPT PACKING pc=0x000002cea81697e0 sp=0x000000f1bd5fd7e0
Event: 0.678 Thread 0x000002ce9cfb98e0 DEOPT UNPACKING pc=0x000002cea7c069a3 sp=0x000000f1bd5fd760 mode 2
Event: 1.292 Thread 0x000002cebca01a30 Uncommon trap: trap_request=0xffffffde fr.pc=0x000002cea81724b8 relative=0x00000000000001b8
Event: 1.292 Thread 0x000002cebca01a30 Uncommon trap: reason=class_check action=maybe_recompile pc=0x000002cea81724b8 method=java.lang.String.equals(Ljava/lang/Object;)Z @ 8 c2
Event: 1.292 Thread 0x000002cebca01a30 DEOPT PACKING pc=0x000002cea81724b8 sp=0x000000f1beffe080
Event: 1.292 Thread 0x000002cebca01a30 DEOPT UNPACKING pc=0x000002cea7c069a3 sp=0x000000f1beffe028 mode 2
Event: 1.292 Thread 0x000002cebca01a30 Uncommon trap: trap_request=0xffffffde fr.pc=0x000002cea81724b8 relative=0x00000000000001b8
Event: 1.292 Thread 0x000002cebca01a30 Uncommon trap: reason=class_check action=maybe_recompile pc=0x000002cea81724b8 method=java.lang.String.equals(Ljava/lang/Object;)Z @ 8 c2
Event: 1.292 Thread 0x000002cebca01a30 DEOPT PACKING pc=0x000002cea81724b8 sp=0x000000f1beffe000
Event: 1.292 Thread 0x000002cebca01a30 DEOPT UNPACKING pc=0x000002cea7c069a3 sp=0x000000f1beffdfa8 mode 2
Event: 1.292 Thread 0x000002cebca01a30 Uncommon trap: trap_request=0xffffffde fr.pc=0x000002cea81724b8 relative=0x00000000000001b8
Event: 1.292 Thread 0x000002cebca01a30 Uncommon trap: reason=class_check action=maybe_recompile pc=0x000002cea81724b8 method=java.lang.String.equals(Ljava/lang/Object;)Z @ 8 c2
Event: 1.292 Thread 0x000002cebca01a30 DEOPT PACKING pc=0x000002cea81724b8 sp=0x000000f1beffdf70
Event: 1.292 Thread 0x000002cebca01a30 DEOPT UNPACKING pc=0x000002cea7c069a3 sp=0x000000f1beffdf18 mode 2

Classes unloaded (0 events):
No events

Classes redefined (0 events):
No events

Internal exceptions (17 events):
Event: 0.212 Thread 0x000002ce9cfb98e0 Exception <a 'java/lang/NoSuchMethodError'{0x0000000710cee9d0}: 'java.lang.Object java.lang.invoke.DirectMethodHandle$Holder.invokeStaticInit(java.lang.Object)'> (0x0000000710cee9d0) 
thrown [s\src\hotspot\share\interpreter\linkResolver.cpp, line 759]
Event: 0.214 Thread 0x000002ce9cfb98e0 Exception <a 'java/lang/NoSuchMethodError'{0x0000000710cf8bc0}: 'java.lang.Object java.lang.invoke.DirectMethodHandle$Holder.invokeInterface(java.lang.Object, java.lang.Object)'> (0x0000000710cf8bc0) 
thrown [s\src\hotspot\share\interpreter\linkResolver.cpp, line 759]
Event: 0.431 Thread 0x000002ce9cfb98e0 Exception <a 'java/lang/NoSuchMethodError'{0x000000071065ba48}: 'void java.lang.invoke.DirectMethodHandle$Holder.invokeStatic(java.lang.Object, java.lang.Object)'> (0x000000071065ba48) 
thrown [s\src\hotspot\share\interpreter\linkResolver.cpp, line 759]
Event: 0.518 Thread 0x000002ce9cfb98e0 Exception <a 'java/lang/ClassNotFoundException'{0x000000071072a1a8}: sun/awt/resources/spi/awtProvider> (0x000000071072a1a8) 
thrown [s\src\hotspot\share\classfile\systemDictionary.cpp, line 256]
Event: 0.530 Thread 0x000002ce9cfb98e0 Exception <a 'java/io/FileNotFoundException'{0x000000071075c428}> (0x000000071075c428) 
thrown [s\src\hotspot\share\prims\jni.cpp, line 516]
Event: 0.537 Thread 0x000002ce9cfb98e0 Exception <a 'java/io/FileNotFoundException'{0x0000000710789438}> (0x0000000710789438) 
thrown [s\src\hotspot\share\prims\jni.cpp, line 516]
Event: 0.593 Thread 0x000002ce9cfb98e0 Exception <a 'java/lang/NoSuchMethodError'{0x00000007107f90d0}: 'void java.lang.invoke.DirectMethodHandle$Holder.invokeSpecial(java.lang.Object, java.lang.Object, java.lang.Object)'> (0x00000007107f90d0) 
thrown [s\src\hotspot\share\interpreter\linkResolver.cpp, line 759]
Event: 0.602 Thread 0x000002ce9cfb98e0 Exception <a 'java/lang/NoSuchMethodError'{0x0000000710494838}: 'java.lang.Object java.lang.invoke.DirectMethodHandle$Holder.newInvokeSpecial(java.lang.Object, java.lang.Object, java.lang.Object, java.lang.Object, java.lang.Object)'> (0x0000000710494838) 
thrown [s\src\hotspot\share\interpreter\linkResolver.cpp, line 759]
Event: 0.603 Thread 0x000002ce9cfb98e0 Exception <a 'java/lang/NoSuchMethodError'{0x00000007104a0200}: 'java.lang.Object java.lang.invoke.DirectMethodHandle$Holder.invokeStatic(java.lang.Object, int, java.lang.Object, java.lang.Object, java.lang.Object, java.lang.Object)'> (0x00000007104a0200) 
thrown [s\src\hotspot\share\interpreter\linkResolver.cpp, line 759]
Event: 0.607 Thread 0x000002ce9cfb98e0 Exception <a 'java/lang/NoSuchMethodError'{0x00000007104c59c0}: 'java.lang.Object java.lang.invoke.DirectMethodHandle$Holder.invokeStatic(java.lang.Object, int, java.lang.Object)'> (0x00000007104c59c0) 
thrown [s\src\hotspot\share\interpreter\linkResolver.cpp, line 759]
Event: 0.635 Thread 0x000002ce9cfb98e0 Exception <a 'java/lang/ClassNotFoundException'{0x00000007105801c8}: com/sun/swing/internal/plaf/metal/resources/spi/metalProvider> (0x00000007105801c8) 
thrown [s\src\hotspot\share\classfile\systemDictionary.cpp, line 256]
Event: 0.636 Thread 0x000002ce9cfb98e0 Exception <a 'java/lang/ClassNotFoundException'{0x0000000710584938}: com/sun/swing/internal/plaf/basic/resources/spi/basicProvider> (0x0000000710584938) 
thrown [s\src\hotspot\share\classfile\systemDictionary.cpp, line 256]
Event: 0.649 Thread 0x000002cebca01560 Exception <a 'java/lang/NoSuchMethodError'{0x00000007105cfeb8}: 'java.lang.Object java.lang.invoke.DirectMethodHandle$Holder.newInvokeSpecial(java.lang.Object, java.lang.Object, java.lang.Object, int, int, int, int, int)'> (0x00000007105cfeb8) 
thrown [s\src\hotspot\share\interpreter\linkResolver.cpp, line 759]
Event: 0.755 Thread 0x000002cebca01090 Exception <a 'java/lang/NoSuchMethodError'{0x000000071040f7f8}: 'void java.lang.invoke.DirectMethodHandle$Holder.invokeVirtual(java.lang.Object, java.lang.Object)'> (0x000000071040f7f8) 
thrown [s\src\hotspot\share\interpreter\linkResolver.cpp, line 759]
Event: 0.768 Thread 0x000002ce9cfb98e0 Exception <a 'java/lang/NoSuchMethodError'{0x000000071026a9f0}: 'void java.lang.invoke.DirectMethodHandle$Holder.invokeStaticInit(java.lang.Object)'> (0x000000071026a9f0) 
thrown [s\src\hotspot\share\interpreter\linkResolver.cpp, line 759]
Event: 0.808 Thread 0x000002ce9cfb98e0 Exception <a 'java/lang/NoSuchMethodError'{0x0000000710319338}: 'int java.lang.invoke.DirectMethodHandle$Holder.invokeStatic(java.lang.Object)'> (0x0000000710319338) 
thrown [s\src\hotspot\share\interpreter\linkResolver.cpp, line 759]
Event: 1.303 Thread 0x000002ce9cfb98e0 Exception <a 'java/lang/NoSuchMethodError'{0x0000000710320778}: 'void java.lang.invoke.DirectMethodHandle$Holder.invokeStatic(java.lang.Object, java.lang.Object, java.lang.Object)'> (0x0000000710320778) 
thrown [s\src\hotspot\share\interpreter\linkResolver.cpp, line 759]

VM Operations (12 events):
Event: 0.159 Executing VM operation: HandshakeAllThreads
Event: 0.159 Executing VM operation: HandshakeAllThreads done
Event: 0.167 Executing VM operation: HandshakeAllThreads
Event: 0.167 Executing VM operation: HandshakeAllThreads done
Event: 0.410 Executing VM operation: HandshakeAllThreads
Event: 0.410 Executing VM operation: HandshakeAllThreads done
Event: 0.664 Executing VM operation: HandshakeAllThreads
Event: 0.664 Executing VM operation: HandshakeAllThreads done
Event: 0.685 Executing VM operation: HandshakeAllThreads
Event: 0.685 Executing VM operation: HandshakeAllThreads done
Event: 0.728 Executing VM operation: HandshakeAllThreads
Event: 0.728 Executing VM operation: HandshakeAllThreads done

Events (20 events):
Event: 1.318 loading class sun/datatransfer/DataFlavorUtil
Event: 1.318 loading class sun/datatransfer/DataFlavorUtil done
Event: 1.318 loading class sun/datatransfer/DataFlavorUtil$DefaultDesktopDatatransferService
Event: 1.318 loading class sun/datatransfer/DesktopDatatransferService
Event: 1.318 loading class sun/datatransfer/DesktopDatatransferService done
Event: 1.318 loading class sun/datatransfer/DataFlavorUtil$DefaultDesktopDatatransferService done
Event: 1.319 loading class sun/awt/datatransfer/DesktopDatatransferServiceImpl
Event: 1.319 loading class sun/awt/datatransfer/DesktopDatatransferServiceImpl done
Event: 1.319 loading class java/awt/datatransfer/DataFlavor
Event: 1.319 loading class java/io/Externalizable
Event: 1.319 loading class java/io/Externalizable done
Event: 1.319 loading class java/awt/datatransfer/DataFlavor done
Event: 1.320 loading class java/awt/datatransfer/SystemFlavorMap$SoftCache
Event: 1.320 loading class java/awt/datatransfer/SystemFlavorMap$SoftCache done
Event: 1.320 loading class javax/swing/TransferHandler$DropHandler
Event: 1.320 loading class javax/swing/TransferHandler$DropHandler done
Event: 1.320 loading class javax/swing/TransferHandler$TransferSupport
Event: 1.320 loading class javax/swing/TransferHandler$TransferSupport done
Event: 1.320 loading class javax/swing/text/PlainDocument
Event: 1.321 loading class javax/swing/text/AbstractDocument


Dynamic libraries:
0x00007ff6c9d30000 - 0x00007ff6c9d3e000 	C:\Users\jrpncodes\.p2\pool\plugins\org.eclipse.justj.openjdk.hotspot.jre.full.win32.x86_64_17.0.6.v20230125-1136\jre\bin\javaw.exe
0x00007ff8b1e30000 - 0x00007ff8b2028000 	C:\WINDOWS\SYSTEM32\ntdll.dll
0x00007ff8b0d70000 - 0x00007ff8b0e2f000 	C:\WINDOWS\System32\KERNEL32.DLL
0x00007ff8afa20000 - 0x00007ff8afcf2000 	C:\WINDOWS\System32\KERNELBASE.dll
0x00007ff8afd70000 - 0x00007ff8afe70000 	C:\WINDOWS\System32\ucrtbase.dll
0x00007ff894910000 - 0x00007ff894927000 	C:\Users\jrpncodes\.p2\pool\plugins\org.eclipse.justj.openjdk.hotspot.jre.full.win32.x86_64_17.0.6.v20230125-1136\jre\bin\jli.dll
0x00007ff8932e0000 - 0x00007ff8932f9000 	C:\Users\jrpncodes\.p2\pool\plugins\org.eclipse.justj.openjdk.hotspot.jre.full.win32.x86_64_17.0.6.v20230125-1136\jre\bin\VCRUNTIME140.dll
0x00007ff8b1c40000 - 0x00007ff8b1de1000 	C:\WINDOWS\System32\USER32.dll
0x00007ff8af9f0000 - 0x00007ff8afa12000 	C:\WINDOWS\System32\win32u.dll
0x00007ff89b0c0000 - 0x00007ff89b35a000 	C:\WINDOWS\WinSxS\amd64_microsoft.windows.common-controls_6595b64144ccf1df_6.0.19041.1110_none_60b5254171f9507e\COMCTL32.dll
0x00007ff8b00b0000 - 0x00007ff8b00db000 	C:\WINDOWS\System32\GDI32.dll
0x00007ff8aff30000 - 0x00007ff8affce000 	C:\WINDOWS\System32\msvcrt.dll
0x00007ff8af550000 - 0x00007ff8af65f000 	C:\WINDOWS\System32\gdi32full.dll
0x00007ff8af950000 - 0x00007ff8af9ed000 	C:\WINDOWS\System32\msvcp_win.dll
0x00007ff8afef0000 - 0x00007ff8aff22000 	C:\WINDOWS\System32\IMM32.DLL
0x00007ff8aa540000 - 0x00007ff8aa54c000 	C:\Users\jrpncodes\.p2\pool\plugins\org.eclipse.justj.openjdk.hotspot.jre.full.win32.x86_64_17.0.6.v20230125-1136\jre\bin\vcruntime140_1.dll
0x00007ff87c250000 - 0x00007ff87c2e1000 	C:\Users\jrpncodes\.p2\pool\plugins\org.eclipse.justj.openjdk.hotspot.jre.full.win32.x86_64_17.0.6.v20230125-1136\jre\bin\msvcp140.dll
0x00007ff86c9d0000 - 0x00007ff86d617000 	C:\Users\jrpncodes\.p2\pool\plugins\org.eclipse.justj.openjdk.hotspot.jre.full.win32.x86_64_17.0.6.v20230125-1136\jre\bin\server\jvm.dll
0x00007ff8b1b90000 - 0x00007ff8b1c3e000 	C:\WINDOWS\System32\ADVAPI32.dll
0x00007ff8b07e0000 - 0x00007ff8b087c000 	C:\WINDOWS\System32\sechost.dll
0x00007ff8b01b0000 - 0x00007ff8b02d5000 	C:\WINDOWS\System32\RPCRT4.dll
0x00007ff8accb0000 - 0x00007ff8accb9000 	C:\WINDOWS\SYSTEM32\WSOCK32.dll
0x00007ff8a4df0000 - 0x00007ff8a4e17000 	C:\WINDOWS\SYSTEM32\WINMM.dll
0x00007ff8a8770000 - 0x00007ff8a877a000 	C:\WINDOWS\SYSTEM32\VERSION.dll
0x00007ff8b0770000 - 0x00007ff8b07db000 	C:\WINDOWS\System32\WS2_32.dll
0x00007ff8ad320000 - 0x00007ff8ad332000 	C:\WINDOWS\SYSTEM32\kernel.appcore.dll
0x00007ff8aadc0000 - 0x00007ff8aadca000 	C:\Users\jrpncodes\.p2\pool\plugins\org.eclipse.justj.openjdk.hotspot.jre.full.win32.x86_64_17.0.6.v20230125-1136\jre\bin\jimage.dll
0x00007ff8a84f0000 - 0x00007ff8a86d4000 	C:\WINDOWS\SYSTEM32\DBGHELP.DLL
0x00007ff89d910000 - 0x00007ff89d945000 	C:\WINDOWS\SYSTEM32\dbgcore.DLL
0x00007ff8af660000 - 0x00007ff8af6e2000 	C:\WINDOWS\System32\bcryptPrimitives.dll
0x00007ff8a8460000 - 0x00007ff8a8485000 	C:\Users\jrpncodes\.p2\pool\plugins\org.eclipse.justj.openjdk.hotspot.jre.full.win32.x86_64_17.0.6.v20230125-1136\jre\bin\java.dll
0x00007ff8aa570000 - 0x00007ff8aa588000 	C:\Users\jrpncodes\.p2\pool\plugins\org.eclipse.justj.openjdk.hotspot.jre.full.win32.x86_64_17.0.6.v20230125-1136\jre\bin\zip.dll
0x00007ff8b0e30000 - 0x00007ff8b1575000 	C:\WINDOWS\System32\SHELL32.dll
0x00007ff8ad600000 - 0x00007ff8add92000 	C:\WINDOWS\SYSTEM32\windows.storage.dll
0x00007ff8b0410000 - 0x00007ff8b0765000 	C:\WINDOWS\System32\combase.dll
0x00007ff8aef10000 - 0x00007ff8aef40000 	C:\WINDOWS\SYSTEM32\Wldp.dll
0x00007ff8b02e0000 - 0x00007ff8b038d000 	C:\WINDOWS\System32\SHCORE.dll
0x00007ff8b0050000 - 0x00007ff8b00a5000 	C:\WINDOWS\System32\shlwapi.dll
0x00007ff8af460000 - 0x00007ff8af47f000 	C:\WINDOWS\SYSTEM32\profapi.dll
0x00007ff897580000 - 0x00007ff897599000 	C:\Users\jrpncodes\.p2\pool\plugins\org.eclipse.justj.openjdk.hotspot.jre.full.win32.x86_64_17.0.6.v20230125-1136\jre\bin\net.dll
0x00007ff8a7840000 - 0x00007ff8a794c000 	C:\WINDOWS\SYSTEM32\WINHTTP.dll
0x00007ff8aec00000 - 0x00007ff8aec6a000 	C:\WINDOWS\system32\mswsock.dll
0x00007ff8947b0000 - 0x00007ff8947c5000 	C:\Users\jrpncodes\.p2\pool\plugins\org.eclipse.justj.openjdk.hotspot.jre.full.win32.x86_64_17.0.6.v20230125-1136\jre\bin\nio.dll
0x00007ff8aadb0000 - 0x00007ff8aadc0000 	C:\Users\jrpncodes\.p2\pool\plugins\org.eclipse.justj.openjdk.hotspot.jre.full.win32.x86_64_17.0.6.v20230125-1136\jre\bin\verify.dll
0x00007ff8ae930000 - 0x00007ff8ae9fb000 	C:\WINDOWS\SYSTEM32\DNSAPI.dll
0x00007ff8ae8f0000 - 0x00007ff8ae92b000 	C:\WINDOWS\SYSTEM32\IPHLPAPI.DLL
0x00007ff8b1ad0000 - 0x00007ff8b1ad8000 	C:\WINDOWS\System32\NSI.dll
0x00007ff8a7130000 - 0x00007ff8a713a000 	C:\Windows\System32\rasadhlp.dll
0x00007ff8a6100000 - 0x00007ff8a6180000 	C:\WINDOWS\System32\fwpuclnt.dll
0x00007ff8af520000 - 0x00007ff8af547000 	C:\WINDOWS\System32\bcrypt.dll
0x00007ff86ecb0000 - 0x00007ff86ee3e000 	C:\Users\jrpncodes\.p2\pool\plugins\org.eclipse.justj.openjdk.hotspot.jre.full.win32.x86_64_17.0.6.v20230125-1136\jre\bin\awt.dll
0x00007ff8b00e0000 - 0x00007ff8b01ad000 	C:\WINDOWS\System32\OLEAUT32.dll
0x00007ff8acde0000 - 0x00007ff8ace70000 	C:\WINDOWS\SYSTEM32\apphelp.dll
0x00007ff8acf30000 - 0x00007ff8acfce000 	C:\WINDOWS\system32\uxtheme.dll
0x00007ff8b0c50000 - 0x00007ff8b0d65000 	C:\WINDOWS\System32\MSCTF.dll
0x00007ff8b0b20000 - 0x00007ff8b0c4a000 	C:\WINDOWS\System32\ole32.dll
0x00007ff8ad2f0000 - 0x00007ff8ad31f000 	C:\WINDOWS\system32\DWMAPI.DLL
0x00007ff8880c0000 - 0x00007ff888146000 	C:\Users\jrpncodes\.p2\pool\plugins\org.eclipse.justj.openjdk.hotspot.jre.full.win32.x86_64_17.0.6.v20230125-1136\jre\bin\freetype.dll
0x00007ff86f2c0000 - 0x00007ff86f385000 	C:\Users\jrpncodes\.p2\pool\plugins\org.eclipse.justj.openjdk.hotspot.jre.full.win32.x86_64_17.0.6.v20230125-1136\jre\bin\fontmanager.dll
0x00007ff88a7d0000 - 0x00007ff88a8f5000 	C:\WINDOWS\system32\opengl32.dll
0x00007ff893260000 - 0x00007ff89328c000 	C:\WINDOWS\SYSTEM32\GLU32.dll
0x00007ff88aba0000 - 0x00007ff88ad6e000 	C:\WINDOWS\system32\d3d9.dll
0x00007ff8a4e80000 - 0x00007ff8a503b000 	C:\WINDOWS\System32\DriverStore\FileRepository\u0387206.inf_amd64_081d192bd0a4e0cb\B386218\aticfx64.dll
0x00007ff88a5f0000 - 0x00007ff88a624000 	C:\WINDOWS\System32\DriverStore\FileRepository\u0387206.inf_amd64_081d192bd0a4e0cb\B386218\atiu9p64.dll
0x00007ff882fb0000 - 0x00007ff883d05000 	C:\WINDOWS\System32\DriverStore\FileRepository\u0387206.inf_amd64_081d192bd0a4e0cb\B386218\atiumd64.dll
0x0000000071480000 - 0x00000000723a7000 	C:\WINDOWS\System32\DriverStore\FileRepository\u0387206.inf_amd64_081d192bd0a4e0cb\B386218\atiumd6a.dll
0x00007ff8b1580000 - 0x00007ff8b19e8000 	C:\WINDOWS\System32\SETUPAPI.dll
0x00007ff8af6f0000 - 0x00007ff8af73e000 	C:\WINDOWS\System32\cfgmgr32.dll
0x00007ff8aefd0000 - 0x00007ff8af01b000 	C:\WINDOWS\SYSTEM32\POWRPROF.dll
0x00007ff8aef80000 - 0x00007ff8aef92000 	C:\WINDOWS\SYSTEM32\UMPDC.dll
0x00007ff8a1b50000 - 0x00007ff8a1b85000 	C:\WINDOWS\SYSTEM32\amdihk64.dll
0x00007ff8a2760000 - 0x00007ff8a2859000 	C:\WINDOWS\SYSTEM32\textinputframework.dll
0x00007ff8ac720000 - 0x00007ff8aca7e000 	C:\WINDOWS\System32\CoreUIComponents.dll
0x00007ff8aca80000 - 0x00007ff8acb72000 	C:\WINDOWS\System32\CoreMessaging.dll
0x00007ff8ae640000 - 0x00007ff8ae673000 	C:\WINDOWS\SYSTEM32\ntmarta.dll
0x00007ff8ac010000 - 0x00007ff8ac164000 	C:\WINDOWS\SYSTEM32\wintypes.dll

dbghelp: loaded successfully - version: 4.0.5 - missing functions: none
symbol engine: initialized successfully - sym options: 0x614 - pdb path: .;C:\Users\jrpncodes\.p2\pool\plugins\org.eclipse.justj.openjdk.hotspot.jre.full.win32.x86_64_17.0.6.v20230125-1136\jre\bin;C:\WINDOWS\SYSTEM32;C:\WINDOWS\WinSxS\amd64_microsoft.windows.common-controls_6595b64144ccf1df_6.0.19041.1110_none_60b5254171f9507e;C:\Users\jrpncodes\.p2\pool\plugins\org.eclipse.justj.openjdk.hotspot.jre.full.win32.x86_64_17.0.6.v20230125-1136\jre\bin\server;C:\WINDOWS\System32\DriverStore\FileRepository\u0387206.inf_amd64_081d192bd0a4e0cb\B386218

VM Arguments:
jvm_args: -Dfile.encoding=UTF-8 -XX:+ShowCodeDetailsInExceptionMessages 
java_command: Main
java_class_path (initial): C:\Users\jrpncodes\eclipse-workspace\AgendaCientifica;C:\Users\jrpncodes\Downloads\mysql-connector-java-5.1.47.jar
Launcher Type: SUN_STANDARD

[Global flags]
     intx CICompilerCount                          = 4                                         {product} {ergonomic}
     uint ConcGCThreads                            = 3                                         {product} {ergonomic}
     uint G1ConcRefinementThreads                  = 10                                        {product} {ergonomic}
   size_t G1HeapRegionSize                         = 2097152                                   {product} {ergonomic}
    uintx GCDrainStackTargetSize                   = 64                                        {product} {ergonomic}
   size_t InitialHeapSize                          = 268435456                                 {product} {ergonomic}
   size_t MarkStackSize                            = 4194304                                   {product} {ergonomic}
   size_t MaxHeapSize                              = 4278190080                                {product} {ergonomic}
   size_t MaxNewSize                               = 2566914048                                {product} {ergonomic}
   size_t MinHeapDeltaBytes                        = 2097152                                   {product} {ergonomic}
   size_t MinHeapSize                              = 8388608                                   {product} {ergonomic}
    uintx NonNMethodCodeHeapSize                   = 5839372                                {pd product} {ergonomic}
    uintx NonProfiledCodeHeapSize                  = 122909434                              {pd product} {ergonomic}
    uintx ProfiledCodeHeapSize                     = 122909434                              {pd product} {ergonomic}
    uintx ReservedCodeCacheSize                    = 251658240                              {pd product} {ergonomic}
     bool SegmentedCodeCache                       = true                                      {product} {ergonomic}
     bool ShowCodeDetailsInExceptionMessages       = true                                   {manageable} {command line}
   size_t SoftMaxHeapSize                          = 4278190080                             {manageable} {ergonomic}
     bool UseCompressedClassPointers               = true                           {product lp64_product} {ergonomic}
     bool UseCompressedOops                        = true                           {product lp64_product} {ergonomic}
     bool UseG1GC                                  = true                                      {product} {ergonomic}
     bool UseLargePagesIndividualAllocation        = false                                  {pd product} {ergonomic}

Logging:
Log output configuration:
 #0: stdout all=warning uptime,level,tags
 #1: stderr all=off uptime,level,tags

Environment Variables:
JAVA_HOME=C:\Program Files\Microsoft\jdk-11.0.18.10-hotspot
PATH=C:/Users/jrpncodes/.p2/pool/plugins/org.eclipse.justj.openjdk.hotspot.jre.full.win32.x86_64_17.0.6.v20230125-1136/jre/bin/server;C:/Users/jrpncodes/.p2/pool/plugins/org.eclipse.justj.openjdk.hotspot.jre.full.win32.x86_64_17.0.6.v20230125-1136/jre/bin;C:\Program Files\Microsoft\jdk-11.0.18.10-hotspot\bin;C:\WINDOWS\system32;C:\WINDOWS;C:\WINDOWS\System32\Wbem;C:\WINDOWS\System32\WindowsPowerShell\v1.0\;C:\WINDOWS\System32\OpenSSH\;C:\ProgramData\chocolatey\bin;C:\Program Files\nodejs\;C:\Program Files\Git\cmd;C:\Users\jrpncodes\AppData\Local\Android\Sdk\platform-tools;C:\MinGW\bin;C:\Users\jrpncodes\AppData\Local\Programs\Python\Python311\Scripts\;C:\Users\jrpncodes\AppData\Local\Programs\Python\Python311\;C:\Users\jrpncodes\AppData\Local\Microsoft\WindowsApps;C:\Users\jrpncodes\AppData\Roaming\npm;C:\Users\jrpncodes\AppData\Local\Programs\Microsoft VS Code\bin;C:\WINDOWS\System32;
USERNAME=jrpncodes
OS=Windows_NT
PROCESSOR_IDENTIFIER=Intel64 Family 6 Model 165 Stepping 5, GenuineIntel
TMP=C:\Users\JRPNCO~1\AppData\Local\Temp
TEMP=C:\Users\JRPNCO~1\AppData\Local\Temp



---------------  S Y S T E M  ---------------

OS:
 Windows 10 , 64 bit Build 19041 (10.0.19041.2546)
OS uptime: 5 days 10:03 hours

CPU: total 12 (initial active 12) (6 cores per cpu, 2 threads per core) family 6 model 165 stepping 5 microcode 0xe2, cx8, cmov, fxsr, ht, mmx, 3dnowpref, sse, sse2, sse3, ssse3, sse4.1, sse4.2, popcnt, lzcnt, tsc, tscinvbit, avx, avx2, aes, erms, clmul, bmi1, bmi2, adx, fma, vzeroupper, clflush, clflushopt

Memory: 4k page, system-wide physical 16319M (7362M free)
TotalPageFile size 31495M (AvailPageFile size 3M)
current process WorkingSet (physical memory assigned to process): 82M, peak: 82M
current process commit charge ("private bytes"): 373M, peak: 373M

vm_info: OpenJDK 64-Bit Server VM (17.0.6+10) for windows-amd64 JRE (17.0.6+10), built on Jan 18 2023 10:08:59 by "temurin" with MS VC++ 16.7 (VS2019)

END.
